The system is: Linux - 4.9.76-gentoo-r1 - x86_64
Compiling the C compiler identification source file "CMakeCCompilerId.c" succeeded.
Compiler: /usr/bin/cc 
Build flags: 
Id flags:  

The output was:
0


Compilation of the C compiler identification source "CMakeCCompilerId.c" produced "a.out"

The C compiler identification is GNU, found in "/home/matthis/c4/CMakeFiles/3.9.6/CompilerIdC/a.out"

Compiling the CXX compiler identification source file "CMakeCXXCompilerId.cpp" succeeded.
Compiler: /usr/bin/c++ 
Build flags: 
Id flags:  

The output was:
0


Compilation of the CXX compiler identification source "CMakeCXXCompilerId.cpp" produced "a.out"

The CXX compiler identification is GNU, found in "/home/matthis/c4/CMakeFiles/3.9.6/CompilerIdCXX/a.out"

Determining if the C compiler works passed with the following output:
Change Dir: /home/matthis/c4/CMakeFiles/CMakeTmp

Run Build Command:"/usr/bin/gmake" "cmTC_40f75/fast"
/usr/bin/gmake -f CMakeFiles/cmTC_40f75.dir/build.make CMakeFiles/cmTC_40f75.dir/build
gmake[1]: Verzeichnis „/home/matthis/c4/CMakeFiles/CMakeTmp“ wird betreten
Building C object CMakeFiles/cmTC_40f75.dir/testCCompiler.c.o
/usr/bin/cc    -o CMakeFiles/cmTC_40f75.dir/testCCompiler.c.o   -c /home/matthis/c4/CMakeFiles/CMakeTmp/testCCompiler.c
Linking C executable cmTC_40f75
/usr/bin/cmake -E cmake_link_script CMakeFiles/cmTC_40f75.dir/link.txt --verbose=1
/usr/bin/cc      -rdynamic CMakeFiles/cmTC_40f75.dir/testCCompiler.c.o  -o cmTC_40f75 
gmake[1]: Verzeichnis „/home/matthis/c4/CMakeFiles/CMakeTmp“ wird verlassen


Detecting C compiler ABI info compiled with the following output:
Change Dir: /home/matthis/c4/CMakeFiles/CMakeTmp

Run Build Command:"/usr/bin/gmake" "cmTC_ada7e/fast"
/usr/bin/gmake -f CMakeFiles/cmTC_ada7e.dir/build.make CMakeFiles/cmTC_ada7e.dir/build
gmake[1]: Verzeichnis „/home/matthis/c4/CMakeFiles/CMakeTmp“ wird betreten
Building C object CMakeFiles/cmTC_ada7e.dir/CMakeCCompilerABI.c.o
/usr/bin/cc    -o CMakeFiles/cmTC_ada7e.dir/CMakeCCompilerABI.c.o   -c /usr/share/cmake/Modules/CMakeCCompilerABI.c
Linking C executable cmTC_ada7e
/usr/bin/cmake -E cmake_link_script CMakeFiles/cmTC_ada7e.dir/link.txt --verbose=1
/usr/bin/cc     -v -rdynamic CMakeFiles/cmTC_ada7e.dir/CMakeCCompilerABI.c.o  -o cmTC_ada7e 
Es werden eingebaute Spezifikationen verwendet.
COLLECT_GCC=/usr/x86_64-pc-linux-gnu/gcc-bin/6.4.0/gcc
COLLECT_LTO_WRAPPER=/usr/libexec/gcc/x86_64-pc-linux-gnu/6.4.0/lto-wrapper
Ziel: x86_64-pc-linux-gnu
Konfiguriert mit: /var/tmp/portage/sys-devel/gcc-6.4.0-r1/work/gcc-6.4.0/configure --host=x86_64-pc-linux-gnu --build=x86_64-pc-linux-gnu --prefix=/usr --bindir=/usr/x86_64-pc-linux-gnu/gcc-bin/6.4.0 --includedir=/usr/lib/gcc/x86_64-pc-linux-gnu/6.4.0/include --datadir=/usr/share/gcc-data/x86_64-pc-linux-gnu/6.4.0 --mandir=/usr/share/gcc-data/x86_64-pc-linux-gnu/6.4.0/man --infodir=/usr/share/gcc-data/x86_64-pc-linux-gnu/6.4.0/info --with-gxx-include-dir=/usr/lib/gcc/x86_64-pc-linux-gnu/6.4.0/include/g++-v6 --with-python-dir=/share/gcc-data/x86_64-pc-linux-gnu/6.4.0/python --enable-languages=c,c++,fortran --enable-obsolete --enable-secureplt --disable-werror --with-system-zlib --enable-nls --without-included-gettext --enable-checking=release --with-bugurl=https://bugs.gentoo.org/ --with-pkgversion='Gentoo 6.4.0-r1 p1.3' --disable-esp --enable-libstdcxx-time --enable-shared --enable-threads=posix --enable-__cxa_atexit --enable-clocale=gnu --enable-multilib --with-multilib-list=m32,m64 --disable-altivec --disable-fixed-point --enable-targets=all --disable-libgcj --enable-libgomp --disable-libmudflap --disable-libssp --disable-libcilkrts --disable-libmpx --enable-vtable-verify --enable-libvtv --enable-lto --without-isl --enable-libsanitizer --enable-default-pie --enable-default-ssp
Thread-Modell: posix
gcc-Version 6.4.0 (Gentoo 6.4.0-r1 p1.3) 
COMPILER_PATH=/usr/libexec/gcc/x86_64-pc-linux-gnu/6.4.0/:/usr/libexec/gcc/x86_64-pc-linux-gnu/6.4.0/:/usr/libexec/gcc/x86_64-pc-linux-gnu/:/usr/lib/gcc/x86_64-pc-linux-gnu/6.4.0/:/usr/lib/gcc/x86_64-pc-linux-gnu/:/usr/lib/gcc/x86_64-pc-linux-gnu/6.4.0/../../../../x86_64-pc-linux-gnu/bin/
LIBRARY_PATH=/usr/lib/gcc/x86_64-pc-linux-gnu/6.4.0/:/usr/lib/gcc/x86_64-pc-linux-gnu/6.4.0/../../../../lib64/:/lib/../lib64/:/usr/lib/../lib64/:/usr/lib/gcc/x86_64-pc-linux-gnu/6.4.0/../../../../x86_64-pc-linux-gnu/lib/:/usr/lib/gcc/x86_64-pc-linux-gnu/6.4.0/../../../:/lib/:/usr/lib/
COLLECT_GCC_OPTIONS='-v' '-rdynamic' '-o' 'cmTC_ada7e' '-mtune=generic' '-march=x86-64'
 /usr/libexec/gcc/x86_64-pc-linux-gnu/6.4.0/collect2 -plugin /usr/libexec/gcc/x86_64-pc-linux-gnu/6.4.0/liblto_plugin.so -plugin-opt=/usr/libexec/gcc/x86_64-pc-linux-gnu/6.4.0/lto-wrapper -plugin-opt=-fresolution=/tmp/ccgMzuRH.res -plugin-opt=-pass-through=-lgcc -plugin-opt=-pass-through=-lgcc_s -plugin-opt=-pass-through=-lc -plugin-opt=-pass-through=-lgcc -plugin-opt=-pass-through=-lgcc_s --eh-frame-hdr -m elf_x86_64 -export-dynamic -dynamic-linker /lib64/ld-linux-x86-64.so.2 -pie -o cmTC_ada7e /usr/lib/gcc/x86_64-pc-linux-gnu/6.4.0/../../../../lib64/Scrt1.o /usr/lib/gcc/x86_64-pc-linux-gnu/6.4.0/../../../../lib64/crti.o /usr/lib/gcc/x86_64-pc-linux-gnu/6.4.0/crtbeginS.o -L/usr/lib/gcc/x86_64-pc-linux-gnu/6.4.0 -L/usr/lib/gcc/x86_64-pc-linux-gnu/6.4.0/../../../../lib64 -L/lib/../lib64 -L/usr/lib/../lib64 -L/usr/lib/gcc/x86_64-pc-linux-gnu/6.4.0/../../../../x86_64-pc-linux-gnu/lib -L/usr/lib/gcc/x86_64-pc-linux-gnu/6.4.0/../../.. CMakeFiles/cmTC_ada7e.dir/CMakeCCompilerABI.c.o -lgcc --as-needed -lgcc_s --no-as-needed -lc -lgcc --as-needed -lgcc_s --no-as-needed /usr/lib/gcc/x86_64-pc-linux-gnu/6.4.0/crtendS.o /usr/lib/gcc/x86_64-pc-linux-gnu/6.4.0/../../../../lib64/crtn.o
COLLECT_GCC_OPTIONS='-v' '-rdynamic' '-o' 'cmTC_ada7e' '-mtune=generic' '-march=x86-64'
gmake[1]: Verzeichnis „/home/matthis/c4/CMakeFiles/CMakeTmp“ wird verlassen


Parsed C implicit link information from above output:
  link line regex: [^( *|.*[/\])(ld|CMAKE_LINK_STARTFILE-NOTFOUND|([^/\]+-)?ld|collect2)[^/\]*( |$)]
  ignore line: [Change Dir: /home/matthis/c4/CMakeFiles/CMakeTmp]
  ignore line: []
  ignore line: [Run Build Command:"/usr/bin/gmake" "cmTC_ada7e/fast"]
  ignore line: [/usr/bin/gmake -f CMakeFiles/cmTC_ada7e.dir/build.make CMakeFiles/cmTC_ada7e.dir/build]
  ignore line: [gmake[1]: Verzeichnis „/home/matthis/c4/CMakeFiles/CMakeTmp“ wird betreten]
  ignore line: [Building C object CMakeFiles/cmTC_ada7e.dir/CMakeCCompilerABI.c.o]
  ignore line: [/usr/bin/cc    -o CMakeFiles/cmTC_ada7e.dir/CMakeCCompilerABI.c.o   -c /usr/share/cmake/Modules/CMakeCCompilerABI.c]
  ignore line: [Linking C executable cmTC_ada7e]
  ignore line: [/usr/bin/cmake -E cmake_link_script CMakeFiles/cmTC_ada7e.dir/link.txt --verbose=1]
  ignore line: [/usr/bin/cc     -v -rdynamic CMakeFiles/cmTC_ada7e.dir/CMakeCCompilerABI.c.o  -o cmTC_ada7e ]
  ignore line: [Es werden eingebaute Spezifikationen verwendet.]
  ignore line: [COLLECT_GCC=/usr/x86_64-pc-linux-gnu/gcc-bin/6.4.0/gcc]
  ignore line: [COLLECT_LTO_WRAPPER=/usr/libexec/gcc/x86_64-pc-linux-gnu/6.4.0/lto-wrapper]
  ignore line: [Ziel: x86_64-pc-linux-gnu]
  ignore line: [Konfiguriert mit: /var/tmp/portage/sys-devel/gcc-6.4.0-r1/work/gcc-6.4.0/configure --host=x86_64-pc-linux-gnu --build=x86_64-pc-linux-gnu --prefix=/usr --bindir=/usr/x86_64-pc-linux-gnu/gcc-bin/6.4.0 --includedir=/usr/lib/gcc/x86_64-pc-linux-gnu/6.4.0/include --datadir=/usr/share/gcc-data/x86_64-pc-linux-gnu/6.4.0 --mandir=/usr/share/gcc-data/x86_64-pc-linux-gnu/6.4.0/man --infodir=/usr/share/gcc-data/x86_64-pc-linux-gnu/6.4.0/info --with-gxx-include-dir=/usr/lib/gcc/x86_64-pc-linux-gnu/6.4.0/include/g++-v6 --with-python-dir=/share/gcc-data/x86_64-pc-linux-gnu/6.4.0/python --enable-languages=c,c++,fortran --enable-obsolete --enable-secureplt --disable-werror --with-system-zlib --enable-nls --without-included-gettext --enable-checking=release --with-bugurl=https://bugs.gentoo.org/ --with-pkgversion='Gentoo 6.4.0-r1 p1.3' --disable-esp --enable-libstdcxx-time --enable-shared --enable-threads=posix --enable-__cxa_atexit --enable-clocale=gnu --enable-multilib --with-multilib-list=m32,m64 --disable-altivec --disable-fixed-point --enable-targets=all --disable-libgcj --enable-libgomp --disable-libmudflap --disable-libssp --disable-libcilkrts --disable-libmpx --enable-vtable-verify --enable-libvtv --enable-lto --without-isl --enable-libsanitizer --enable-default-pie --enable-default-ssp]
  ignore line: [Thread-Modell: posix]
  ignore line: [gcc-Version 6.4.0 (Gentoo 6.4.0-r1 p1.3) ]
  ignore line: [COMPILER_PATH=/usr/libexec/gcc/x86_64-pc-linux-gnu/6.4.0/:/usr/libexec/gcc/x86_64-pc-linux-gnu/6.4.0/:/usr/libexec/gcc/x86_64-pc-linux-gnu/:/usr/lib/gcc/x86_64-pc-linux-gnu/6.4.0/:/usr/lib/gcc/x86_64-pc-linux-gnu/:/usr/lib/gcc/x86_64-pc-linux-gnu/6.4.0/../../../../x86_64-pc-linux-gnu/bin/]
  ignore line: [LIBRARY_PATH=/usr/lib/gcc/x86_64-pc-linux-gnu/6.4.0/:/usr/lib/gcc/x86_64-pc-linux-gnu/6.4.0/../../../../lib64/:/lib/../lib64/:/usr/lib/../lib64/:/usr/lib/gcc/x86_64-pc-linux-gnu/6.4.0/../../../../x86_64-pc-linux-gnu/lib/:/usr/lib/gcc/x86_64-pc-linux-gnu/6.4.0/../../../:/lib/:/usr/lib/]
  ignore line: [COLLECT_GCC_OPTIONS='-v' '-rdynamic' '-o' 'cmTC_ada7e' '-mtune=generic' '-march=x86-64']
  link line: [ /usr/libexec/gcc/x86_64-pc-linux-gnu/6.4.0/collect2 -plugin /usr/libexec/gcc/x86_64-pc-linux-gnu/6.4.0/liblto_plugin.so -plugin-opt=/usr/libexec/gcc/x86_64-pc-linux-gnu/6.4.0/lto-wrapper -plugin-opt=-fresolution=/tmp/ccgMzuRH.res -plugin-opt=-pass-through=-lgcc -plugin-opt=-pass-through=-lgcc_s -plugin-opt=-pass-through=-lc -plugin-opt=-pass-through=-lgcc -plugin-opt=-pass-through=-lgcc_s --eh-frame-hdr -m elf_x86_64 -export-dynamic -dynamic-linker /lib64/ld-linux-x86-64.so.2 -pie -o cmTC_ada7e /usr/lib/gcc/x86_64-pc-linux-gnu/6.4.0/../../../../lib64/Scrt1.o /usr/lib/gcc/x86_64-pc-linux-gnu/6.4.0/../../../../lib64/crti.o /usr/lib/gcc/x86_64-pc-linux-gnu/6.4.0/crtbeginS.o -L/usr/lib/gcc/x86_64-pc-linux-gnu/6.4.0 -L/usr/lib/gcc/x86_64-pc-linux-gnu/6.4.0/../../../../lib64 -L/lib/../lib64 -L/usr/lib/../lib64 -L/usr/lib/gcc/x86_64-pc-linux-gnu/6.4.0/../../../../x86_64-pc-linux-gnu/lib -L/usr/lib/gcc/x86_64-pc-linux-gnu/6.4.0/../../.. CMakeFiles/cmTC_ada7e.dir/CMakeCCompilerABI.c.o -lgcc --as-needed -lgcc_s --no-as-needed -lc -lgcc --as-needed -lgcc_s --no-as-needed /usr/lib/gcc/x86_64-pc-linux-gnu/6.4.0/crtendS.o /usr/lib/gcc/x86_64-pc-linux-gnu/6.4.0/../../../../lib64/crtn.o]
    arg [/usr/libexec/gcc/x86_64-pc-linux-gnu/6.4.0/collect2] ==> ignore
    arg [-plugin] ==> ignore
    arg [/usr/libexec/gcc/x86_64-pc-linux-gnu/6.4.0/liblto_plugin.so] ==> ignore
    arg [-plugin-opt=/usr/libexec/gcc/x86_64-pc-linux-gnu/6.4.0/lto-wrapper] ==> ignore
    arg [-plugin-opt=-fresolution=/tmp/ccgMzuRH.res] ==> ignore
    arg [-plugin-opt=-pass-through=-lgcc] ==> ignore
    arg [-plugin-opt=-pass-through=-lgcc_s] ==> ignore
    arg [-plugin-opt=-pass-through=-lc] ==> ignore
    arg [-plugin-opt=-pass-through=-lgcc] ==> ignore
    arg [-plugin-opt=-pass-through=-lgcc_s] ==> ignore
    arg [--eh-frame-hdr] ==> ignore
    arg [-m] ==> ignore
    arg [elf_x86_64] ==> ignore
    arg [-export-dynamic] ==> ignore
    arg [-dynamic-linker] ==> ignore
    arg [/lib64/ld-linux-x86-64.so.2] ==> ignore
    arg [-pie] ==> ignore
    arg [-o] ==> ignore
    arg [cmTC_ada7e] ==> ignore
    arg [/usr/lib/gcc/x86_64-pc-linux-gnu/6.4.0/../../../../lib64/Scrt1.o] ==> ignore
    arg [/usr/lib/gcc/x86_64-pc-linux-gnu/6.4.0/../../../../lib64/crti.o] ==> ignore
    arg [/usr/lib/gcc/x86_64-pc-linux-gnu/6.4.0/crtbeginS.o] ==> ignore
    arg [-L/usr/lib/gcc/x86_64-pc-linux-gnu/6.4.0] ==> dir [/usr/lib/gcc/x86_64-pc-linux-gnu/6.4.0]
    arg [-L/usr/lib/gcc/x86_64-pc-linux-gnu/6.4.0/../../../../lib64] ==> dir [/usr/lib/gcc/x86_64-pc-linux-gnu/6.4.0/../../../../lib64]
    arg [-L/lib/../lib64] ==> dir [/lib/../lib64]
    arg [-L/usr/lib/../lib64] ==> dir [/usr/lib/../lib64]
    arg [-L/usr/lib/gcc/x86_64-pc-linux-gnu/6.4.0/../../../../x86_64-pc-linux-gnu/lib] ==> dir [/usr/lib/gcc/x86_64-pc-linux-gnu/6.4.0/../../../../x86_64-pc-linux-gnu/lib]
    arg [-L/usr/lib/gcc/x86_64-pc-linux-gnu/6.4.0/../../..] ==> dir [/usr/lib/gcc/x86_64-pc-linux-gnu/6.4.0/../../..]
    arg [CMakeFiles/cmTC_ada7e.dir/CMakeCCompilerABI.c.o] ==> ignore
    arg [-lgcc] ==> lib [gcc]
    arg [--as-needed] ==> ignore
    arg [-lgcc_s] ==> lib [gcc_s]
    arg [--no-as-needed] ==> ignore
    arg [-lc] ==> lib [c]
    arg [-lgcc] ==> lib [gcc]
    arg [--as-needed] ==> ignore
    arg [-lgcc_s] ==> lib [gcc_s]
    arg [--no-as-needed] ==> ignore
    arg [/usr/lib/gcc/x86_64-pc-linux-gnu/6.4.0/crtendS.o] ==> ignore
    arg [/usr/lib/gcc/x86_64-pc-linux-gnu/6.4.0/../../../../lib64/crtn.o] ==> ignore
  collapse library dir [/usr/lib/gcc/x86_64-pc-linux-gnu/6.4.0] ==> [/usr/lib/gcc/x86_64-pc-linux-gnu/6.4.0]
  collapse library dir [/usr/lib/gcc/x86_64-pc-linux-gnu/6.4.0/../../../../lib64] ==> [/usr/lib64]
  collapse library dir [/lib/../lib64] ==> [/lib64]
  collapse library dir [/usr/lib/../lib64] ==> [/usr/lib64]
  collapse library dir [/usr/lib/gcc/x86_64-pc-linux-gnu/6.4.0/../../../../x86_64-pc-linux-gnu/lib] ==> [/usr/x86_64-pc-linux-gnu/lib]
  collapse library dir [/usr/lib/gcc/x86_64-pc-linux-gnu/6.4.0/../../..] ==> [/usr/lib]
  implicit libs: [gcc;gcc_s;c;gcc;gcc_s]
  implicit dirs: [/usr/lib/gcc/x86_64-pc-linux-gnu/6.4.0;/usr/lib64;/lib64;/usr/x86_64-pc-linux-gnu/lib;/usr/lib]
  implicit fwks: []




Detecting C [-std=c11] compiler features compiled with the following output:
Change Dir: /home/matthis/c4/CMakeFiles/CMakeTmp

Run Build Command:"/usr/bin/gmake" "cmTC_8e296/fast"
/usr/bin/gmake -f CMakeFiles/cmTC_8e296.dir/build.make CMakeFiles/cmTC_8e296.dir/build
gmake[1]: Verzeichnis „/home/matthis/c4/CMakeFiles/CMakeTmp“ wird betreten
Building C object CMakeFiles/cmTC_8e296.dir/feature_tests.c.o
/usr/bin/cc   -std=c11 -o CMakeFiles/cmTC_8e296.dir/feature_tests.c.o   -c /home/matthis/c4/CMakeFiles/feature_tests.c
Linking C executable cmTC_8e296
/usr/bin/cmake -E cmake_link_script CMakeFiles/cmTC_8e296.dir/link.txt --verbose=1
/usr/bin/cc      -rdynamic CMakeFiles/cmTC_8e296.dir/feature_tests.c.o  -o cmTC_8e296 
gmake[1]: Verzeichnis „/home/matthis/c4/CMakeFiles/CMakeTmp“ wird verlassen


    Feature record: C_FEATURE:1c_function_prototypes
    Feature record: C_FEATURE:1c_restrict
    Feature record: C_FEATURE:1c_static_assert
    Feature record: C_FEATURE:1c_variadic_macros


Detecting C [-std=c99] compiler features compiled with the following output:
Change Dir: /home/matthis/c4/CMakeFiles/CMakeTmp

Run Build Command:"/usr/bin/gmake" "cmTC_c8331/fast"
/usr/bin/gmake -f CMakeFiles/cmTC_c8331.dir/build.make CMakeFiles/cmTC_c8331.dir/build
gmake[1]: Verzeichnis „/home/matthis/c4/CMakeFiles/CMakeTmp“ wird betreten
Building C object CMakeFiles/cmTC_c8331.dir/feature_tests.c.o
/usr/bin/cc   -std=c99 -o CMakeFiles/cmTC_c8331.dir/feature_tests.c.o   -c /home/matthis/c4/CMakeFiles/feature_tests.c
Linking C executable cmTC_c8331
/usr/bin/cmake -E cmake_link_script CMakeFiles/cmTC_c8331.dir/link.txt --verbose=1
/usr/bin/cc      -rdynamic CMakeFiles/cmTC_c8331.dir/feature_tests.c.o  -o cmTC_c8331 
gmake[1]: Verzeichnis „/home/matthis/c4/CMakeFiles/CMakeTmp“ wird verlassen


    Feature record: C_FEATURE:1c_function_prototypes
    Feature record: C_FEATURE:1c_restrict
    Feature record: C_FEATURE:0c_static_assert
    Feature record: C_FEATURE:1c_variadic_macros


Detecting C [-std=c90] compiler features compiled with the following output:
Change Dir: /home/matthis/c4/CMakeFiles/CMakeTmp

Run Build Command:"/usr/bin/gmake" "cmTC_579c3/fast"
/usr/bin/gmake -f CMakeFiles/cmTC_579c3.dir/build.make CMakeFiles/cmTC_579c3.dir/build
gmake[1]: Verzeichnis „/home/matthis/c4/CMakeFiles/CMakeTmp“ wird betreten
Building C object CMakeFiles/cmTC_579c3.dir/feature_tests.c.o
/usr/bin/cc   -std=c90 -o CMakeFiles/cmTC_579c3.dir/feature_tests.c.o   -c /home/matthis/c4/CMakeFiles/feature_tests.c
Linking C executable cmTC_579c3
/usr/bin/cmake -E cmake_link_script CMakeFiles/cmTC_579c3.dir/link.txt --verbose=1
/usr/bin/cc      -rdynamic CMakeFiles/cmTC_579c3.dir/feature_tests.c.o  -o cmTC_579c3 
gmake[1]: Verzeichnis „/home/matthis/c4/CMakeFiles/CMakeTmp“ wird verlassen


    Feature record: C_FEATURE:1c_function_prototypes
    Feature record: C_FEATURE:0c_restrict
    Feature record: C_FEATURE:0c_static_assert
    Feature record: C_FEATURE:0c_variadic_macros
Determining if the CXX compiler works passed with the following output:
Change Dir: /home/matthis/c4/CMakeFiles/CMakeTmp

Run Build Command:"/usr/bin/gmake" "cmTC_233ac/fast"
/usr/bin/gmake -f CMakeFiles/cmTC_233ac.dir/build.make CMakeFiles/cmTC_233ac.dir/build
gmake[1]: Verzeichnis „/home/matthis/c4/CMakeFiles/CMakeTmp“ wird betreten
Building CXX object CMakeFiles/cmTC_233ac.dir/testCXXCompiler.cxx.o
/usr/bin/c++     -o CMakeFiles/cmTC_233ac.dir/testCXXCompiler.cxx.o -c /home/matthis/c4/CMakeFiles/CMakeTmp/testCXXCompiler.cxx
Linking CXX executable cmTC_233ac
/usr/bin/cmake -E cmake_link_script CMakeFiles/cmTC_233ac.dir/link.txt --verbose=1
/usr/bin/c++       -rdynamic CMakeFiles/cmTC_233ac.dir/testCXXCompiler.cxx.o  -o cmTC_233ac 
gmake[1]: Verzeichnis „/home/matthis/c4/CMakeFiles/CMakeTmp“ wird verlassen


Detecting CXX compiler ABI info compiled with the following output:
Change Dir: /home/matthis/c4/CMakeFiles/CMakeTmp

Run Build Command:"/usr/bin/gmake" "cmTC_5376e/fast"
/usr/bin/gmake -f CMakeFiles/cmTC_5376e.dir/build.make CMakeFiles/cmTC_5376e.dir/build
gmake[1]: Verzeichnis „/home/matthis/c4/CMakeFiles/CMakeTmp“ wird betreten
Building CXX object CMakeFiles/cmTC_5376e.dir/CMakeCXXCompilerABI.cpp.o
/usr/bin/c++     -o CMakeFiles/cmTC_5376e.dir/CMakeCXXCompilerABI.cpp.o -c /usr/share/cmake/Modules/CMakeCXXCompilerABI.cpp
Linking CXX executable cmTC_5376e
/usr/bin/cmake -E cmake_link_script CMakeFiles/cmTC_5376e.dir/link.txt --verbose=1
/usr/bin/c++      -v -rdynamic CMakeFiles/cmTC_5376e.dir/CMakeCXXCompilerABI.cpp.o  -o cmTC_5376e 
Es werden eingebaute Spezifikationen verwendet.
COLLECT_GCC=/usr/x86_64-pc-linux-gnu/gcc-bin/6.4.0/c++
COLLECT_LTO_WRAPPER=/usr/libexec/gcc/x86_64-pc-linux-gnu/6.4.0/lto-wrapper
Ziel: x86_64-pc-linux-gnu
Konfiguriert mit: /var/tmp/portage/sys-devel/gcc-6.4.0-r1/work/gcc-6.4.0/configure --host=x86_64-pc-linux-gnu --build=x86_64-pc-linux-gnu --prefix=/usr --bindir=/usr/x86_64-pc-linux-gnu/gcc-bin/6.4.0 --includedir=/usr/lib/gcc/x86_64-pc-linux-gnu/6.4.0/include --datadir=/usr/share/gcc-data/x86_64-pc-linux-gnu/6.4.0 --mandir=/usr/share/gcc-data/x86_64-pc-linux-gnu/6.4.0/man --infodir=/usr/share/gcc-data/x86_64-pc-linux-gnu/6.4.0/info --with-gxx-include-dir=/usr/lib/gcc/x86_64-pc-linux-gnu/6.4.0/include/g++-v6 --with-python-dir=/share/gcc-data/x86_64-pc-linux-gnu/6.4.0/python --enable-languages=c,c++,fortran --enable-obsolete --enable-secureplt --disable-werror --with-system-zlib --enable-nls --without-included-gettext --enable-checking=release --with-bugurl=https://bugs.gentoo.org/ --with-pkgversion='Gentoo 6.4.0-r1 p1.3' --disable-esp --enable-libstdcxx-time --enable-shared --enable-threads=posix --enable-__cxa_atexit --enable-clocale=gnu --enable-multilib --with-multilib-list=m32,m64 --disable-altivec --disable-fixed-point --enable-targets=all --disable-libgcj --enable-libgomp --disable-libmudflap --disable-libssp --disable-libcilkrts --disable-libmpx --enable-vtable-verify --enable-libvtv --enable-lto --without-isl --enable-libsanitizer --enable-default-pie --enable-default-ssp
Thread-Modell: posix
gcc-Version 6.4.0 (Gentoo 6.4.0-r1 p1.3) 
COMPILER_PATH=/usr/libexec/gcc/x86_64-pc-linux-gnu/6.4.0/:/usr/libexec/gcc/x86_64-pc-linux-gnu/6.4.0/:/usr/libexec/gcc/x86_64-pc-linux-gnu/:/usr/lib/gcc/x86_64-pc-linux-gnu/6.4.0/:/usr/lib/gcc/x86_64-pc-linux-gnu/:/usr/lib/gcc/x86_64-pc-linux-gnu/6.4.0/../../../../x86_64-pc-linux-gnu/bin/
LIBRARY_PATH=/usr/lib/gcc/x86_64-pc-linux-gnu/6.4.0/:/usr/lib/gcc/x86_64-pc-linux-gnu/6.4.0/../../../../lib64/:/lib/../lib64/:/usr/lib/../lib64/:/usr/lib/gcc/x86_64-pc-linux-gnu/6.4.0/../../../../x86_64-pc-linux-gnu/lib/:/usr/lib/gcc/x86_64-pc-linux-gnu/6.4.0/../../../:/lib/:/usr/lib/
COLLECT_GCC_OPTIONS='-v' '-rdynamic' '-o' 'cmTC_5376e' '-shared-libgcc' '-mtune=generic' '-march=x86-64'
 /usr/libexec/gcc/x86_64-pc-linux-gnu/6.4.0/collect2 -plugin /usr/libexec/gcc/x86_64-pc-linux-gnu/6.4.0/liblto_plugin.so -plugin-opt=/usr/libexec/gcc/x86_64-pc-linux-gnu/6.4.0/lto-wrapper -plugin-opt=-fresolution=/tmp/ccjwSoNC.res -plugin-opt=-pass-through=-lgcc_s -plugin-opt=-pass-through=-lgcc -plugin-opt=-pass-through=-lc -plugin-opt=-pass-through=-lgcc_s -plugin-opt=-pass-through=-lgcc --eh-frame-hdr -m elf_x86_64 -export-dynamic -dynamic-linker /lib64/ld-linux-x86-64.so.2 -pie -o cmTC_5376e /usr/lib/gcc/x86_64-pc-linux-gnu/6.4.0/../../../../lib64/Scrt1.o /usr/lib/gcc/x86_64-pc-linux-gnu/6.4.0/../../../../lib64/crti.o /usr/lib/gcc/x86_64-pc-linux-gnu/6.4.0/crtbeginS.o -L/usr/lib/gcc/x86_64-pc-linux-gnu/6.4.0 -L/usr/lib/gcc/x86_64-pc-linux-gnu/6.4.0/../../../../lib64 -L/lib/../lib64 -L/usr/lib/../lib64 -L/usr/lib/gcc/x86_64-pc-linux-gnu/6.4.0/../../../../x86_64-pc-linux-gnu/lib -L/usr/lib/gcc/x86_64-pc-linux-gnu/6.4.0/../../.. CMakeFiles/cmTC_5376e.dir/CMakeCXXCompilerABI.cpp.o -lstdc++ -lm -lgcc_s -lgcc -lc -lgcc_s -lgcc /usr/lib/gcc/x86_64-pc-linux-gnu/6.4.0/crtendS.o /usr/lib/gcc/x86_64-pc-linux-gnu/6.4.0/../../../../lib64/crtn.o
COLLECT_GCC_OPTIONS='-v' '-rdynamic' '-o' 'cmTC_5376e' '-shared-libgcc' '-mtune=generic' '-march=x86-64'
gmake[1]: Verzeichnis „/home/matthis/c4/CMakeFiles/CMakeTmp“ wird verlassen


Parsed CXX implicit link information from above output:
  link line regex: [^( *|.*[/\])(ld|CMAKE_LINK_STARTFILE-NOTFOUND|([^/\]+-)?ld|collect2)[^/\]*( |$)]
  ignore line: [Change Dir: /home/matthis/c4/CMakeFiles/CMakeTmp]
  ignore line: []
  ignore line: [Run Build Command:"/usr/bin/gmake" "cmTC_5376e/fast"]
  ignore line: [/usr/bin/gmake -f CMakeFiles/cmTC_5376e.dir/build.make CMakeFiles/cmTC_5376e.dir/build]
  ignore line: [gmake[1]: Verzeichnis „/home/matthis/c4/CMakeFiles/CMakeTmp“ wird betreten]
  ignore line: [Building CXX object CMakeFiles/cmTC_5376e.dir/CMakeCXXCompilerABI.cpp.o]
  ignore line: [/usr/bin/c++     -o CMakeFiles/cmTC_5376e.dir/CMakeCXXCompilerABI.cpp.o -c /usr/share/cmake/Modules/CMakeCXXCompilerABI.cpp]
  ignore line: [Linking CXX executable cmTC_5376e]
  ignore line: [/usr/bin/cmake -E cmake_link_script CMakeFiles/cmTC_5376e.dir/link.txt --verbose=1]
  ignore line: [/usr/bin/c++      -v -rdynamic CMakeFiles/cmTC_5376e.dir/CMakeCXXCompilerABI.cpp.o  -o cmTC_5376e ]
  ignore line: [Es werden eingebaute Spezifikationen verwendet.]
  ignore line: [COLLECT_GCC=/usr/x86_64-pc-linux-gnu/gcc-bin/6.4.0/c++]
  ignore line: [COLLECT_LTO_WRAPPER=/usr/libexec/gcc/x86_64-pc-linux-gnu/6.4.0/lto-wrapper]
  ignore line: [Ziel: x86_64-pc-linux-gnu]
  ignore line: [Konfiguriert mit: /var/tmp/portage/sys-devel/gcc-6.4.0-r1/work/gcc-6.4.0/configure --host=x86_64-pc-linux-gnu --build=x86_64-pc-linux-gnu --prefix=/usr --bindir=/usr/x86_64-pc-linux-gnu/gcc-bin/6.4.0 --includedir=/usr/lib/gcc/x86_64-pc-linux-gnu/6.4.0/include --datadir=/usr/share/gcc-data/x86_64-pc-linux-gnu/6.4.0 --mandir=/usr/share/gcc-data/x86_64-pc-linux-gnu/6.4.0/man --infodir=/usr/share/gcc-data/x86_64-pc-linux-gnu/6.4.0/info --with-gxx-include-dir=/usr/lib/gcc/x86_64-pc-linux-gnu/6.4.0/include/g++-v6 --with-python-dir=/share/gcc-data/x86_64-pc-linux-gnu/6.4.0/python --enable-languages=c,c++,fortran --enable-obsolete --enable-secureplt --disable-werror --with-system-zlib --enable-nls --without-included-gettext --enable-checking=release --with-bugurl=https://bugs.gentoo.org/ --with-pkgversion='Gentoo 6.4.0-r1 p1.3' --disable-esp --enable-libstdcxx-time --enable-shared --enable-threads=posix --enable-__cxa_atexit --enable-clocale=gnu --enable-multilib --with-multilib-list=m32,m64 --disable-altivec --disable-fixed-point --enable-targets=all --disable-libgcj --enable-libgomp --disable-libmudflap --disable-libssp --disable-libcilkrts --disable-libmpx --enable-vtable-verify --enable-libvtv --enable-lto --without-isl --enable-libsanitizer --enable-default-pie --enable-default-ssp]
  ignore line: [Thread-Modell: posix]
  ignore line: [gcc-Version 6.4.0 (Gentoo 6.4.0-r1 p1.3) ]
  ignore line: [COMPILER_PATH=/usr/libexec/gcc/x86_64-pc-linux-gnu/6.4.0/:/usr/libexec/gcc/x86_64-pc-linux-gnu/6.4.0/:/usr/libexec/gcc/x86_64-pc-linux-gnu/:/usr/lib/gcc/x86_64-pc-linux-gnu/6.4.0/:/usr/lib/gcc/x86_64-pc-linux-gnu/:/usr/lib/gcc/x86_64-pc-linux-gnu/6.4.0/../../../../x86_64-pc-linux-gnu/bin/]
  ignore line: [LIBRARY_PATH=/usr/lib/gcc/x86_64-pc-linux-gnu/6.4.0/:/usr/lib/gcc/x86_64-pc-linux-gnu/6.4.0/../../../../lib64/:/lib/../lib64/:/usr/lib/../lib64/:/usr/lib/gcc/x86_64-pc-linux-gnu/6.4.0/../../../../x86_64-pc-linux-gnu/lib/:/usr/lib/gcc/x86_64-pc-linux-gnu/6.4.0/../../../:/lib/:/usr/lib/]
  ignore line: [COLLECT_GCC_OPTIONS='-v' '-rdynamic' '-o' 'cmTC_5376e' '-shared-libgcc' '-mtune=generic' '-march=x86-64']
  link line: [ /usr/libexec/gcc/x86_64-pc-linux-gnu/6.4.0/collect2 -plugin /usr/libexec/gcc/x86_64-pc-linux-gnu/6.4.0/liblto_plugin.so -plugin-opt=/usr/libexec/gcc/x86_64-pc-linux-gnu/6.4.0/lto-wrapper -plugin-opt=-fresolution=/tmp/ccjwSoNC.res -plugin-opt=-pass-through=-lgcc_s -plugin-opt=-pass-through=-lgcc -plugin-opt=-pass-through=-lc -plugin-opt=-pass-through=-lgcc_s -plugin-opt=-pass-through=-lgcc --eh-frame-hdr -m elf_x86_64 -export-dynamic -dynamic-linker /lib64/ld-linux-x86-64.so.2 -pie -o cmTC_5376e /usr/lib/gcc/x86_64-pc-linux-gnu/6.4.0/../../../../lib64/Scrt1.o /usr/lib/gcc/x86_64-pc-linux-gnu/6.4.0/../../../../lib64/crti.o /usr/lib/gcc/x86_64-pc-linux-gnu/6.4.0/crtbeginS.o -L/usr/lib/gcc/x86_64-pc-linux-gnu/6.4.0 -L/usr/lib/gcc/x86_64-pc-linux-gnu/6.4.0/../../../../lib64 -L/lib/../lib64 -L/usr/lib/../lib64 -L/usr/lib/gcc/x86_64-pc-linux-gnu/6.4.0/../../../../x86_64-pc-linux-gnu/lib -L/usr/lib/gcc/x86_64-pc-linux-gnu/6.4.0/../../.. CMakeFiles/cmTC_5376e.dir/CMakeCXXCompilerABI.cpp.o -lstdc++ -lm -lgcc_s -lgcc -lc -lgcc_s -lgcc /usr/lib/gcc/x86_64-pc-linux-gnu/6.4.0/crtendS.o /usr/lib/gcc/x86_64-pc-linux-gnu/6.4.0/../../../../lib64/crtn.o]
    arg [/usr/libexec/gcc/x86_64-pc-linux-gnu/6.4.0/collect2] ==> ignore
    arg [-plugin] ==> ignore
    arg [/usr/libexec/gcc/x86_64-pc-linux-gnu/6.4.0/liblto_plugin.so] ==> ignore
    arg [-plugin-opt=/usr/libexec/gcc/x86_64-pc-linux-gnu/6.4.0/lto-wrapper] ==> ignore
    arg [-plugin-opt=-fresolution=/tmp/ccjwSoNC.res] ==> ignore
    arg [-plugin-opt=-pass-through=-lgcc_s] ==> ignore
    arg [-plugin-opt=-pass-through=-lgcc] ==> ignore
    arg [-plugin-opt=-pass-through=-lc] ==> ignore
    arg [-plugin-opt=-pass-through=-lgcc_s] ==> ignore
    arg [-plugin-opt=-pass-through=-lgcc] ==> ignore
    arg [--eh-frame-hdr] ==> ignore
    arg [-m] ==> ignore
    arg [elf_x86_64] ==> ignore
    arg [-export-dynamic] ==> ignore
    arg [-dynamic-linker] ==> ignore
    arg [/lib64/ld-linux-x86-64.so.2] ==> ignore
    arg [-pie] ==> ignore
    arg [-o] ==> ignore
    arg [cmTC_5376e] ==> ignore
    arg [/usr/lib/gcc/x86_64-pc-linux-gnu/6.4.0/../../../../lib64/Scrt1.o] ==> ignore
    arg [/usr/lib/gcc/x86_64-pc-linux-gnu/6.4.0/../../../../lib64/crti.o] ==> ignore
    arg [/usr/lib/gcc/x86_64-pc-linux-gnu/6.4.0/crtbeginS.o] ==> ignore
    arg [-L/usr/lib/gcc/x86_64-pc-linux-gnu/6.4.0] ==> dir [/usr/lib/gcc/x86_64-pc-linux-gnu/6.4.0]
    arg [-L/usr/lib/gcc/x86_64-pc-linux-gnu/6.4.0/../../../../lib64] ==> dir [/usr/lib/gcc/x86_64-pc-linux-gnu/6.4.0/../../../../lib64]
    arg [-L/lib/../lib64] ==> dir [/lib/../lib64]
    arg [-L/usr/lib/../lib64] ==> dir [/usr/lib/../lib64]
    arg [-L/usr/lib/gcc/x86_64-pc-linux-gnu/6.4.0/../../../../x86_64-pc-linux-gnu/lib] ==> dir [/usr/lib/gcc/x86_64-pc-linux-gnu/6.4.0/../../../../x86_64-pc-linux-gnu/lib]
    arg [-L/usr/lib/gcc/x86_64-pc-linux-gnu/6.4.0/../../..] ==> dir [/usr/lib/gcc/x86_64-pc-linux-gnu/6.4.0/../../..]
    arg [CMakeFiles/cmTC_5376e.dir/CMakeCXXCompilerABI.cpp.o] ==> ignore
    arg [-lstdc++] ==> lib [stdc++]
    arg [-lm] ==> lib [m]
    arg [-lgcc_s] ==> lib [gcc_s]
    arg [-lgcc] ==> lib [gcc]
    arg [-lc] ==> lib [c]
    arg [-lgcc_s] ==> lib [gcc_s]
    arg [-lgcc] ==> lib [gcc]
    arg [/usr/lib/gcc/x86_64-pc-linux-gnu/6.4.0/crtendS.o] ==> ignore
    arg [/usr/lib/gcc/x86_64-pc-linux-gnu/6.4.0/../../../../lib64/crtn.o] ==> ignore
  collapse library dir [/usr/lib/gcc/x86_64-pc-linux-gnu/6.4.0] ==> [/usr/lib/gcc/x86_64-pc-linux-gnu/6.4.0]
  collapse library dir [/usr/lib/gcc/x86_64-pc-linux-gnu/6.4.0/../../../../lib64] ==> [/usr/lib64]
  collapse library dir [/lib/../lib64] ==> [/lib64]
  collapse library dir [/usr/lib/../lib64] ==> [/usr/lib64]
  collapse library dir [/usr/lib/gcc/x86_64-pc-linux-gnu/6.4.0/../../../../x86_64-pc-linux-gnu/lib] ==> [/usr/x86_64-pc-linux-gnu/lib]
  collapse library dir [/usr/lib/gcc/x86_64-pc-linux-gnu/6.4.0/../../..] ==> [/usr/lib]
  implicit libs: [stdc++;m;gcc_s;gcc;c;gcc_s;gcc]
  implicit dirs: [/usr/lib/gcc/x86_64-pc-linux-gnu/6.4.0;/usr/lib64;/lib64;/usr/x86_64-pc-linux-gnu/lib;/usr/lib]
  implicit fwks: []




Detecting CXX [-std=c++1z] compiler features compiled with the following output:
Change Dir: /home/matthis/c4/CMakeFiles/CMakeTmp

Run Build Command:"/usr/bin/gmake" "cmTC_8bd33/fast"
/usr/bin/gmake -f CMakeFiles/cmTC_8bd33.dir/build.make CMakeFiles/cmTC_8bd33.dir/build
gmake[1]: Verzeichnis „/home/matthis/c4/CMakeFiles/CMakeTmp“ wird betreten
Building CXX object CMakeFiles/cmTC_8bd33.dir/feature_tests.cxx.o
/usr/bin/c++    -std=c++1z -o CMakeFiles/cmTC_8bd33.dir/feature_tests.cxx.o -c /home/matthis/c4/CMakeFiles/feature_tests.cxx
Linking CXX executable cmTC_8bd33
/usr/bin/cmake -E cmake_link_script CMakeFiles/cmTC_8bd33.dir/link.txt --verbose=1
/usr/bin/c++       -rdynamic CMakeFiles/cmTC_8bd33.dir/feature_tests.cxx.o  -o cmTC_8bd33 
gmake[1]: Verzeichnis „/home/matthis/c4/CMakeFiles/CMakeTmp“ wird verlassen


    Feature record: CXX_FEATURE:1cxx_aggregate_default_initializers
    Feature record: CXX_FEATURE:1cxx_alias_templates
    Feature record: CXX_FEATURE:1cxx_alignas
    Feature record: CXX_FEATURE:1cxx_alignof
    Feature record: CXX_FEATURE:1cxx_attributes
    Feature record: CXX_FEATURE:1cxx_attribute_deprecated
    Feature record: CXX_FEATURE:1cxx_auto_type
    Feature record: CXX_FEATURE:1cxx_binary_literals
    Feature record: CXX_FEATURE:1cxx_constexpr
    Feature record: CXX_FEATURE:1cxx_contextual_conversions
    Feature record: CXX_FEATURE:1cxx_decltype
    Feature record: CXX_FEATURE:1cxx_decltype_auto
    Feature record: CXX_FEATURE:1cxx_decltype_incomplete_return_types
    Feature record: CXX_FEATURE:1cxx_default_function_template_args
    Feature record: CXX_FEATURE:1cxx_defaulted_functions
    Feature record: CXX_FEATURE:1cxx_defaulted_move_initializers
    Feature record: CXX_FEATURE:1cxx_delegating_constructors
    Feature record: CXX_FEATURE:1cxx_deleted_functions
    Feature record: CXX_FEATURE:1cxx_digit_separators
    Feature record: CXX_FEATURE:1cxx_enum_forward_declarations
    Feature record: CXX_FEATURE:1cxx_explicit_conversions
    Feature record: CXX_FEATURE:1cxx_extended_friend_declarations
    Feature record: CXX_FEATURE:1cxx_extern_templates
    Feature record: CXX_FEATURE:1cxx_final
    Feature record: CXX_FEATURE:1cxx_func_identifier
    Feature record: CXX_FEATURE:1cxx_generalized_initializers
    Feature record: CXX_FEATURE:1cxx_generic_lambdas
    Feature record: CXX_FEATURE:1cxx_inheriting_constructors
    Feature record: CXX_FEATURE:1cxx_inline_namespaces
    Feature record: CXX_FEATURE:1cxx_lambdas
    Feature record: CXX_FEATURE:1cxx_lambda_init_captures
    Feature record: CXX_FEATURE:1cxx_local_type_template_args
    Feature record: CXX_FEATURE:1cxx_long_long_type
    Feature record: CXX_FEATURE:1cxx_noexcept
    Feature record: CXX_FEATURE:1cxx_nonstatic_member_init
    Feature record: CXX_FEATURE:1cxx_nullptr
    Feature record: CXX_FEATURE:1cxx_override
    Feature record: CXX_FEATURE:1cxx_range_for
    Feature record: CXX_FEATURE:1cxx_raw_string_literals
    Feature record: CXX_FEATURE:1cxx_reference_qualified_functions
    Feature record: CXX_FEATURE:1cxx_relaxed_constexpr
    Feature record: CXX_FEATURE:1cxx_return_type_deduction
    Feature record: CXX_FEATURE:1cxx_right_angle_brackets
    Feature record: CXX_FEATURE:1cxx_rvalue_references
    Feature record: CXX_FEATURE:1cxx_sizeof_member
    Feature record: CXX_FEATURE:1cxx_static_assert
    Feature record: CXX_FEATURE:1cxx_strong_enums
    Feature record: CXX_FEATURE:1cxx_template_template_parameters
    Feature record: CXX_FEATURE:1cxx_thread_local
    Feature record: CXX_FEATURE:1cxx_trailing_return_types
    Feature record: CXX_FEATURE:1cxx_unicode_literals
    Feature record: CXX_FEATURE:1cxx_uniform_initialization
    Feature record: CXX_FEATURE:1cxx_unrestricted_unions
    Feature record: CXX_FEATURE:1cxx_user_literals
    Feature record: CXX_FEATURE:1cxx_variable_templates
    Feature record: CXX_FEATURE:1cxx_variadic_macros
    Feature record: CXX_FEATURE:1cxx_variadic_templates


Detecting CXX [-std=c++14] compiler features compiled with the following output:
Change Dir: /home/matthis/c4/CMakeFiles/CMakeTmp

Run Build Command:"/usr/bin/gmake" "cmTC_a5b1e/fast"
/usr/bin/gmake -f CMakeFiles/cmTC_a5b1e.dir/build.make CMakeFiles/cmTC_a5b1e.dir/build
gmake[1]: Verzeichnis „/home/matthis/c4/CMakeFiles/CMakeTmp“ wird betreten
Building CXX object CMakeFiles/cmTC_a5b1e.dir/feature_tests.cxx.o
/usr/bin/c++    -std=c++14 -o CMakeFiles/cmTC_a5b1e.dir/feature_tests.cxx.o -c /home/matthis/c4/CMakeFiles/feature_tests.cxx
Linking CXX executable cmTC_a5b1e
/usr/bin/cmake -E cmake_link_script CMakeFiles/cmTC_a5b1e.dir/link.txt --verbose=1
/usr/bin/c++       -rdynamic CMakeFiles/cmTC_a5b1e.dir/feature_tests.cxx.o  -o cmTC_a5b1e 
gmake[1]: Verzeichnis „/home/matthis/c4/CMakeFiles/CMakeTmp“ wird verlassen


    Feature record: CXX_FEATURE:1cxx_aggregate_default_initializers
    Feature record: CXX_FEATURE:1cxx_alias_templates
    Feature record: CXX_FEATURE:1cxx_alignas
    Feature record: CXX_FEATURE:1cxx_alignof
    Feature record: CXX_FEATURE:1cxx_attributes
    Feature record: CXX_FEATURE:1cxx_attribute_deprecated
    Feature record: CXX_FEATURE:1cxx_auto_type
    Feature record: CXX_FEATURE:1cxx_binary_literals
    Feature record: CXX_FEATURE:1cxx_constexpr
    Feature record: CXX_FEATURE:1cxx_contextual_conversions
    Feature record: CXX_FEATURE:1cxx_decltype
    Feature record: CXX_FEATURE:1cxx_decltype_auto
    Feature record: CXX_FEATURE:1cxx_decltype_incomplete_return_types
    Feature record: CXX_FEATURE:1cxx_default_function_template_args
    Feature record: CXX_FEATURE:1cxx_defaulted_functions
    Feature record: CXX_FEATURE:1cxx_defaulted_move_initializers
    Feature record: CXX_FEATURE:1cxx_delegating_constructors
    Feature record: CXX_FEATURE:1cxx_deleted_functions
    Feature record: CXX_FEATURE:1cxx_digit_separators
    Feature record: CXX_FEATURE:1cxx_enum_forward_declarations
    Feature record: CXX_FEATURE:1cxx_explicit_conversions
    Feature record: CXX_FEATURE:1cxx_extended_friend_declarations
    Feature record: CXX_FEATURE:1cxx_extern_templates
    Feature record: CXX_FEATURE:1cxx_final
    Feature record: CXX_FEATURE:1cxx_func_identifier
    Feature record: CXX_FEATURE:1cxx_generalized_initializers
    Feature record: CXX_FEATURE:1cxx_generic_lambdas
    Feature record: CXX_FEATURE:1cxx_inheriting_constructors
    Feature record: CXX_FEATURE:1cxx_inline_namespaces
    Feature record: CXX_FEATURE:1cxx_lambdas
    Feature record: CXX_FEATURE:1cxx_lambda_init_captures
    Feature record: CXX_FEATURE:1cxx_local_type_template_args
    Feature record: CXX_FEATURE:1cxx_long_long_type
    Feature record: CXX_FEATURE:1cxx_noexcept
    Feature record: CXX_FEATURE:1cxx_nonstatic_member_init
    Feature record: CXX_FEATURE:1cxx_nullptr
    Feature record: CXX_FEATURE:1cxx_override
    Feature record: CXX_FEATURE:1cxx_range_for
    Feature record: CXX_FEATURE:1cxx_raw_string_literals
    Feature record: CXX_FEATURE:1cxx_reference_qualified_functions
    Feature record: CXX_FEATURE:1cxx_relaxed_constexpr
    Feature record: CXX_FEATURE:1cxx_return_type_deduction
    Feature record: CXX_FEATURE:1cxx_right_angle_brackets
    Feature record: CXX_FEATURE:1cxx_rvalue_references
    Feature record: CXX_FEATURE:1cxx_sizeof_member
    Feature record: CXX_FEATURE:1cxx_static_assert
    Feature record: CXX_FEATURE:1cxx_strong_enums
    Feature record: CXX_FEATURE:1cxx_template_template_parameters
    Feature record: CXX_FEATURE:1cxx_thread_local
    Feature record: CXX_FEATURE:1cxx_trailing_return_types
    Feature record: CXX_FEATURE:1cxx_unicode_literals
    Feature record: CXX_FEATURE:1cxx_uniform_initialization
    Feature record: CXX_FEATURE:1cxx_unrestricted_unions
    Feature record: CXX_FEATURE:1cxx_user_literals
    Feature record: CXX_FEATURE:1cxx_variable_templates
    Feature record: CXX_FEATURE:1cxx_variadic_macros
    Feature record: CXX_FEATURE:1cxx_variadic_templates


Detecting CXX [-std=c++11] compiler features compiled with the following output:
Change Dir: /home/matthis/c4/CMakeFiles/CMakeTmp

Run Build Command:"/usr/bin/gmake" "cmTC_351ab/fast"
/usr/bin/gmake -f CMakeFiles/cmTC_351ab.dir/build.make CMakeFiles/cmTC_351ab.dir/build
gmake[1]: Verzeichnis „/home/matthis/c4/CMakeFiles/CMakeTmp“ wird betreten
Building CXX object CMakeFiles/cmTC_351ab.dir/feature_tests.cxx.o
/usr/bin/c++    -std=c++11 -o CMakeFiles/cmTC_351ab.dir/feature_tests.cxx.o -c /home/matthis/c4/CMakeFiles/feature_tests.cxx
Linking CXX executable cmTC_351ab
/usr/bin/cmake -E cmake_link_script CMakeFiles/cmTC_351ab.dir/link.txt --verbose=1
/usr/bin/c++       -rdynamic CMakeFiles/cmTC_351ab.dir/feature_tests.cxx.o  -o cmTC_351ab 
gmake[1]: Verzeichnis „/home/matthis/c4/CMakeFiles/CMakeTmp“ wird verlassen


    Feature record: CXX_FEATURE:0cxx_aggregate_default_initializers
    Feature record: CXX_FEATURE:1cxx_alias_templates
    Feature record: CXX_FEATURE:1cxx_alignas
    Feature record: CXX_FEATURE:1cxx_alignof
    Feature record: CXX_FEATURE:1cxx_attributes
    Feature record: CXX_FEATURE:0cxx_attribute_deprecated
    Feature record: CXX_FEATURE:1cxx_auto_type
    Feature record: CXX_FEATURE:0cxx_binary_literals
    Feature record: CXX_FEATURE:1cxx_constexpr
    Feature record: CXX_FEATURE:0cxx_contextual_conversions
    Feature record: CXX_FEATURE:1cxx_decltype
    Feature record: CXX_FEATURE:0cxx_decltype_auto
    Feature record: CXX_FEATURE:1cxx_decltype_incomplete_return_types
    Feature record: CXX_FEATURE:1cxx_default_function_template_args
    Feature record: CXX_FEATURE:1cxx_defaulted_functions
    Feature record: CXX_FEATURE:1cxx_defaulted_move_initializers
    Feature record: CXX_FEATURE:1cxx_delegating_constructors
    Feature record: CXX_FEATURE:1cxx_deleted_functions
    Feature record: CXX_FEATURE:0cxx_digit_separators
    Feature record: CXX_FEATURE:1cxx_enum_forward_declarations
    Feature record: CXX_FEATURE:1cxx_explicit_conversions
    Feature record: CXX_FEATURE:1cxx_extended_friend_declarations
    Feature record: CXX_FEATURE:1cxx_extern_templates
    Feature record: CXX_FEATURE:1cxx_final
    Feature record: CXX_FEATURE:1cxx_func_identifier
    Feature record: CXX_FEATURE:1cxx_generalized_initializers
    Feature record: CXX_FEATURE:0cxx_generic_lambdas
    Feature record: CXX_FEATURE:1cxx_inheriting_constructors
    Feature record: CXX_FEATURE:1cxx_inline_namespaces
    Feature record: CXX_FEATURE:1cxx_lambdas
    Feature record: CXX_FEATURE:0cxx_lambda_init_captures
    Feature record: CXX_FEATURE:1cxx_local_type_template_args
    Feature record: CXX_FEATURE:1cxx_long_long_type
    Feature record: CXX_FEATURE:1cxx_noexcept
    Feature record: CXX_FEATURE:1cxx_nonstatic_member_init
    Feature record: CXX_FEATURE:1cxx_nullptr
    Feature record: CXX_FEATURE:1cxx_override
    Feature record: CXX_FEATURE:1cxx_range_for
    Feature record: CXX_FEATURE:1cxx_raw_string_literals
    Feature record: CXX_FEATURE:1cxx_reference_qualified_functions
    Feature record: CXX_FEATURE:0cxx_relaxed_constexpr
    Feature record: CXX_FEATURE:0cxx_return_type_deduction
    Feature record: CXX_FEATURE:1cxx_right_angle_brackets
    Feature record: CXX_FEATURE:1cxx_rvalue_references
    Feature record: CXX_FEATURE:1cxx_sizeof_member
    Feature record: CXX_FEATURE:1cxx_static_assert
    Feature record: CXX_FEATURE:1cxx_strong_enums
    Feature record: CXX_FEATURE:1cxx_template_template_parameters
    Feature record: CXX_FEATURE:1cxx_thread_local
    Feature record: CXX_FEATURE:1cxx_trailing_return_types
    Feature record: CXX_FEATURE:1cxx_unicode_literals
    Feature record: CXX_FEATURE:1cxx_uniform_initialization
    Feature record: CXX_FEATURE:1cxx_unrestricted_unions
    Feature record: CXX_FEATURE:1cxx_user_literals
    Feature record: CXX_FEATURE:0cxx_variable_templates
    Feature record: CXX_FEATURE:1cxx_variadic_macros
    Feature record: CXX_FEATURE:1cxx_variadic_templates


Detecting CXX [-std=c++98] compiler features compiled with the following output:
Change Dir: /home/matthis/c4/CMakeFiles/CMakeTmp

Run Build Command:"/usr/bin/gmake" "cmTC_a6506/fast"
/usr/bin/gmake -f CMakeFiles/cmTC_a6506.dir/build.make CMakeFiles/cmTC_a6506.dir/build
gmake[1]: Verzeichnis „/home/matthis/c4/CMakeFiles/CMakeTmp“ wird betreten
Building CXX object CMakeFiles/cmTC_a6506.dir/feature_tests.cxx.o
/usr/bin/c++    -std=c++98 -o CMakeFiles/cmTC_a6506.dir/feature_tests.cxx.o -c /home/matthis/c4/CMakeFiles/feature_tests.cxx
Linking CXX executable cmTC_a6506
/usr/bin/cmake -E cmake_link_script CMakeFiles/cmTC_a6506.dir/link.txt --verbose=1
/usr/bin/c++       -rdynamic CMakeFiles/cmTC_a6506.dir/feature_tests.cxx.o  -o cmTC_a6506 
gmake[1]: Verzeichnis „/home/matthis/c4/CMakeFiles/CMakeTmp“ wird verlassen


    Feature record: CXX_FEATURE:0cxx_aggregate_default_initializers
    Feature record: CXX_FEATURE:0cxx_alias_templates
    Feature record: CXX_FEATURE:0cxx_alignas
    Feature record: CXX_FEATURE:0cxx_alignof
    Feature record: CXX_FEATURE:0cxx_attributes
    Feature record: CXX_FEATURE:0cxx_attribute_deprecated
    Feature record: CXX_FEATURE:0cxx_auto_type
    Feature record: CXX_FEATURE:0cxx_binary_literals
    Feature record: CXX_FEATURE:0cxx_constexpr
    Feature record: CXX_FEATURE:0cxx_contextual_conversions
    Feature record: CXX_FEATURE:0cxx_decltype
    Feature record: CXX_FEATURE:0cxx_decltype_auto
    Feature record: CXX_FEATURE:0cxx_decltype_incomplete_return_types
    Feature record: CXX_FEATURE:0cxx_default_function_template_args
    Feature record: CXX_FEATURE:0cxx_defaulted_functions
    Feature record: CXX_FEATURE:0cxx_defaulted_move_initializers
    Feature record: CXX_FEATURE:0cxx_delegating_constructors
    Feature record: CXX_FEATURE:0cxx_deleted_functions
    Feature record: CXX_FEATURE:0cxx_digit_separators
    Feature record: CXX_FEATURE:0cxx_enum_forward_declarations
    Feature record: CXX_FEATURE:0cxx_explicit_conversions
    Feature record: CXX_FEATURE:0cxx_extended_friend_declarations
    Feature record: CXX_FEATURE:0cxx_extern_templates
    Feature record: CXX_FEATURE:0cxx_final
    Feature record: CXX_FEATURE:0cxx_func_identifier
    Feature record: CXX_FEATURE:0cxx_generalized_initializers
    Feature record: CXX_FEATURE:0cxx_generic_lambdas
    Feature record: CXX_FEATURE:0cxx_inheriting_constructors
    Feature record: CXX_FEATURE:0cxx_inline_namespaces
    Feature record: CXX_FEATURE:0cxx_lambdas
    Feature record: CXX_FEATURE:0cxx_lambda_init_captures
    Feature record: CXX_FEATURE:0cxx_local_type_template_args
    Feature record: CXX_FEATURE:0cxx_long_long_type
    Feature record: CXX_FEATURE:0cxx_noexcept
    Feature record: CXX_FEATURE:0cxx_nonstatic_member_init
    Feature record: CXX_FEATURE:0cxx_nullptr
    Feature record: CXX_FEATURE:0cxx_override
    Feature record: CXX_FEATURE:0cxx_range_for
    Feature record: CXX_FEATURE:0cxx_raw_string_literals
    Feature record: CXX_FEATURE:0cxx_reference_qualified_functions
    Feature record: CXX_FEATURE:0cxx_relaxed_constexpr
    Feature record: CXX_FEATURE:0cxx_return_type_deduction
    Feature record: CXX_FEATURE:0cxx_right_angle_brackets
    Feature record: CXX_FEATURE:0cxx_rvalue_references
    Feature record: CXX_FEATURE:0cxx_sizeof_member
    Feature record: CXX_FEATURE:0cxx_static_assert
    Feature record: CXX_FEATURE:0cxx_strong_enums
    Feature record: CXX_FEATURE:1cxx_template_template_parameters
    Feature record: CXX_FEATURE:0cxx_thread_local
    Feature record: CXX_FEATURE:0cxx_trailing_return_types
    Feature record: CXX_FEATURE:0cxx_unicode_literals
    Feature record: CXX_FEATURE:0cxx_uniform_initialization
    Feature record: CXX_FEATURE:0cxx_unrestricted_unions
    Feature record: CXX_FEATURE:0cxx_user_literals
    Feature record: CXX_FEATURE:0cxx_variable_templates
    Feature record: CXX_FEATURE:0cxx_variadic_macros
    Feature record: CXX_FEATURE:0cxx_variadic_templates
Determining if the include file pthread.h exists passed with the following output:
Change Dir: /home/matthis/c4/CMakeFiles/CMakeTmp

Run Build Command:"/usr/bin/gmake" "cmTC_19f48/fast"
/usr/bin/gmake -f CMakeFiles/cmTC_19f48.dir/build.make CMakeFiles/cmTC_19f48.dir/build
gmake[1]: Verzeichnis „/home/matthis/c4/CMakeFiles/CMakeTmp“ wird betreten
Building C object CMakeFiles/cmTC_19f48.dir/CheckIncludeFile.c.o
/usr/bin/cc    -o CMakeFiles/cmTC_19f48.dir/CheckIncludeFile.c.o   -c /home/matthis/c4/CMakeFiles/CMakeTmp/CheckIncludeFile.c
Linking C executable cmTC_19f48
/usr/bin/cmake -E cmake_link_script CMakeFiles/cmTC_19f48.dir/link.txt --verbose=1
/usr/bin/cc      -rdynamic CMakeFiles/cmTC_19f48.dir/CheckIncludeFile.c.o  -o cmTC_19f48 
gmake[1]: Verzeichnis „/home/matthis/c4/CMakeFiles/CMakeTmp“ wird verlassen


Determining if the function pthread_create exists in the pthread passed with the following output:
Change Dir: /home/matthis/c4/CMakeFiles/CMakeTmp

Run Build Command:"/usr/bin/gmake" "cmTC_979b3/fast"
/usr/bin/gmake -f CMakeFiles/cmTC_979b3.dir/build.make CMakeFiles/cmTC_979b3.dir/build
gmake[1]: Verzeichnis „/home/matthis/c4/CMakeFiles/CMakeTmp“ wird betreten
Building C object CMakeFiles/cmTC_979b3.dir/CheckFunctionExists.c.o
/usr/bin/cc   -DCHECK_FUNCTION_EXISTS=pthread_create   -o CMakeFiles/cmTC_979b3.dir/CheckFunctionExists.c.o   -c /usr/share/cmake/Modules/CheckFunctionExists.c
Linking C executable cmTC_979b3
/usr/bin/cmake -E cmake_link_script CMakeFiles/cmTC_979b3.dir/link.txt --verbose=1
/usr/bin/cc  -DCHECK_FUNCTION_EXISTS=pthread_create    -rdynamic CMakeFiles/cmTC_979b3.dir/CheckFunctionExists.c.o  -o cmTC_979b3 -lpthread 
gmake[1]: Verzeichnis „/home/matthis/c4/CMakeFiles/CMakeTmp“ wird verlassen


The system is: Linux - 4.9.76-gentoo-r1 - x86_64
Compiling the C compiler identification source file "CMakeCCompilerId.c" succeeded.
Compiler: /usr/bin/cc 
Build flags: 
Id flags:  

The output was:
0


Compilation of the C compiler identification source "CMakeCCompilerId.c" produced "a.out"

The C compiler identification is GNU, found in "/home/matthis/c4/CMakeFiles/3.9.6/CompilerIdC/a.out"

Compiling the CXX compiler identification source file "CMakeCXXCompilerId.cpp" succeeded.
Compiler: /usr/bin/c++ 
Build flags: 
Id flags:  

The output was:
0


Compilation of the CXX compiler identification source "CMakeCXXCompilerId.cpp" produced "a.out"

The CXX compiler identification is GNU, found in "/home/matthis/c4/CMakeFiles/3.9.6/CompilerIdCXX/a.out"

Determining if the C compiler works passed with the following output:
Change Dir: /home/matthis/c4/CMakeFiles/CMakeTmp

Run Build Command:"/usr/bin/gmake" "cmTC_2e55b/fast"
gmake[1]: Verzeichnis „/home/matthis/c4/CMakeFiles/CMakeTmp“ wird betreten
/usr/bin/gmake -f CMakeFiles/cmTC_2e55b.dir/build.make CMakeFiles/cmTC_2e55b.dir/build
gmake[2]: Verzeichnis „/home/matthis/c4/CMakeFiles/CMakeTmp“ wird betreten
Building C object CMakeFiles/cmTC_2e55b.dir/testCCompiler.c.o
/usr/bin/cc    -o CMakeFiles/cmTC_2e55b.dir/testCCompiler.c.o   -c /home/matthis/c4/CMakeFiles/CMakeTmp/testCCompiler.c
Linking C executable cmTC_2e55b
/usr/bin/cmake -E cmake_link_script CMakeFiles/cmTC_2e55b.dir/link.txt --verbose=1
/usr/bin/cc      -rdynamic CMakeFiles/cmTC_2e55b.dir/testCCompiler.c.o  -o cmTC_2e55b 
gmake[2]: Verzeichnis „/home/matthis/c4/CMakeFiles/CMakeTmp“ wird verlassen
gmake[1]: Verzeichnis „/home/matthis/c4/CMakeFiles/CMakeTmp“ wird verlassen


Detecting C compiler ABI info compiled with the following output:
Change Dir: /home/matthis/c4/CMakeFiles/CMakeTmp

Run Build Command:"/usr/bin/gmake" "cmTC_30c42/fast"
gmake[1]: Verzeichnis „/home/matthis/c4/CMakeFiles/CMakeTmp“ wird betreten
/usr/bin/gmake -f CMakeFiles/cmTC_30c42.dir/build.make CMakeFiles/cmTC_30c42.dir/build
gmake[2]: Verzeichnis „/home/matthis/c4/CMakeFiles/CMakeTmp“ wird betreten
Building C object CMakeFiles/cmTC_30c42.dir/CMakeCCompilerABI.c.o
/usr/bin/cc    -o CMakeFiles/cmTC_30c42.dir/CMakeCCompilerABI.c.o   -c /usr/share/cmake/Modules/CMakeCCompilerABI.c
Linking C executable cmTC_30c42
/usr/bin/cmake -E cmake_link_script CMakeFiles/cmTC_30c42.dir/link.txt --verbose=1
/usr/bin/cc     -v -rdynamic CMakeFiles/cmTC_30c42.dir/CMakeCCompilerABI.c.o  -o cmTC_30c42 
Es werden eingebaute Spezifikationen verwendet.
COLLECT_GCC=/usr/x86_64-pc-linux-gnu/gcc-bin/6.4.0/gcc
COLLECT_LTO_WRAPPER=/usr/libexec/gcc/x86_64-pc-linux-gnu/6.4.0/lto-wrapper
Ziel: x86_64-pc-linux-gnu
Konfiguriert mit: /var/tmp/portage/sys-devel/gcc-6.4.0-r1/work/gcc-6.4.0/configure --host=x86_64-pc-linux-gnu --build=x86_64-pc-linux-gnu --prefix=/usr --bindir=/usr/x86_64-pc-linux-gnu/gcc-bin/6.4.0 --includedir=/usr/lib/gcc/x86_64-pc-linux-gnu/6.4.0/include --datadir=/usr/share/gcc-data/x86_64-pc-linux-gnu/6.4.0 --mandir=/usr/share/gcc-data/x86_64-pc-linux-gnu/6.4.0/man --infodir=/usr/share/gcc-data/x86_64-pc-linux-gnu/6.4.0/info --with-gxx-include-dir=/usr/lib/gcc/x86_64-pc-linux-gnu/6.4.0/include/g++-v6 --with-python-dir=/share/gcc-data/x86_64-pc-linux-gnu/6.4.0/python --enable-languages=c,c++,fortran --enable-obsolete --enable-secureplt --disable-werror --with-system-zlib --enable-nls --without-included-gettext --enable-checking=release --with-bugurl=https://bugs.gentoo.org/ --with-pkgversion='Gentoo 6.4.0-r1 p1.3' --disable-esp --enable-libstdcxx-time --enable-shared --enable-threads=posix --enable-__cxa_atexit --enable-clocale=gnu --enable-multilib --with-multilib-list=m32,m64 --disable-altivec --disable-fixed-point --enable-targets=all --disable-libgcj --enable-libgomp --disable-libmudflap --disable-libssp --disable-libcilkrts --disable-libmpx --enable-vtable-verify --enable-libvtv --enable-lto --without-isl --enable-libsanitizer --enable-default-pie --enable-default-ssp
Thread-Modell: posix
gcc-Version 6.4.0 (Gentoo 6.4.0-r1 p1.3) 
COMPILER_PATH=/usr/libexec/gcc/x86_64-pc-linux-gnu/6.4.0/:/usr/libexec/gcc/x86_64-pc-linux-gnu/6.4.0/:/usr/libexec/gcc/x86_64-pc-linux-gnu/:/usr/lib/gcc/x86_64-pc-linux-gnu/6.4.0/:/usr/lib/gcc/x86_64-pc-linux-gnu/:/usr/lib/gcc/x86_64-pc-linux-gnu/6.4.0/../../../../x86_64-pc-linux-gnu/bin/
LIBRARY_PATH=/usr/lib/gcc/x86_64-pc-linux-gnu/6.4.0/:/usr/lib/gcc/x86_64-pc-linux-gnu/6.4.0/../../../../lib64/:/lib/../lib64/:/usr/lib/../lib64/:/usr/lib/gcc/x86_64-pc-linux-gnu/6.4.0/../../../../x86_64-pc-linux-gnu/lib/:/usr/lib/gcc/x86_64-pc-linux-gnu/6.4.0/../../../:/lib/:/usr/lib/
COLLECT_GCC_OPTIONS='-v' '-rdynamic' '-o' 'cmTC_30c42' '-mtune=generic' '-march=x86-64'
 /usr/libexec/gcc/x86_64-pc-linux-gnu/6.4.0/collect2 -plugin /usr/libexec/gcc/x86_64-pc-linux-gnu/6.4.0/liblto_plugin.so -plugin-opt=/usr/libexec/gcc/x86_64-pc-linux-gnu/6.4.0/lto-wrapper -plugin-opt=-fresolution=/tmp/ccImacYT.res -plugin-opt=-pass-through=-lgcc -plugin-opt=-pass-through=-lgcc_s -plugin-opt=-pass-through=-lc -plugin-opt=-pass-through=-lgcc -plugin-opt=-pass-through=-lgcc_s --eh-frame-hdr -m elf_x86_64 -export-dynamic -dynamic-linker /lib64/ld-linux-x86-64.so.2 -pie -o cmTC_30c42 /usr/lib/gcc/x86_64-pc-linux-gnu/6.4.0/../../../../lib64/Scrt1.o /usr/lib/gcc/x86_64-pc-linux-gnu/6.4.0/../../../../lib64/crti.o /usr/lib/gcc/x86_64-pc-linux-gnu/6.4.0/crtbeginS.o -L/usr/lib/gcc/x86_64-pc-linux-gnu/6.4.0 -L/usr/lib/gcc/x86_64-pc-linux-gnu/6.4.0/../../../../lib64 -L/lib/../lib64 -L/usr/lib/../lib64 -L/usr/lib/gcc/x86_64-pc-linux-gnu/6.4.0/../../../../x86_64-pc-linux-gnu/lib -L/usr/lib/gcc/x86_64-pc-linux-gnu/6.4.0/../../.. CMakeFiles/cmTC_30c42.dir/CMakeCCompilerABI.c.o -lgcc --as-needed -lgcc_s --no-as-needed -lc -lgcc --as-needed -lgcc_s --no-as-needed /usr/lib/gcc/x86_64-pc-linux-gnu/6.4.0/crtendS.o /usr/lib/gcc/x86_64-pc-linux-gnu/6.4.0/../../../../lib64/crtn.o
COLLECT_GCC_OPTIONS='-v' '-rdynamic' '-o' 'cmTC_30c42' '-mtune=generic' '-march=x86-64'
gmake[2]: Verzeichnis „/home/matthis/c4/CMakeFiles/CMakeTmp“ wird verlassen
gmake[1]: Verzeichnis „/home/matthis/c4/CMakeFiles/CMakeTmp“ wird verlassen


Parsed C implicit link information from above output:
  link line regex: [^( *|.*[/\])(ld|CMAKE_LINK_STARTFILE-NOTFOUND|([^/\]+-)?ld|collect2)[^/\]*( |$)]
  ignore line: [Change Dir: /home/matthis/c4/CMakeFiles/CMakeTmp]
  ignore line: []
  ignore line: [Run Build Command:"/usr/bin/gmake" "cmTC_30c42/fast"]
  ignore line: [gmake[1]: Verzeichnis „/home/matthis/c4/CMakeFiles/CMakeTmp“ wird betreten]
  ignore line: [/usr/bin/gmake -f CMakeFiles/cmTC_30c42.dir/build.make CMakeFiles/cmTC_30c42.dir/build]
  ignore line: [gmake[2]: Verzeichnis „/home/matthis/c4/CMakeFiles/CMakeTmp“ wird betreten]
  ignore line: [Building C object CMakeFiles/cmTC_30c42.dir/CMakeCCompilerABI.c.o]
  ignore line: [/usr/bin/cc    -o CMakeFiles/cmTC_30c42.dir/CMakeCCompilerABI.c.o   -c /usr/share/cmake/Modules/CMakeCCompilerABI.c]
  ignore line: [Linking C executable cmTC_30c42]
  ignore line: [/usr/bin/cmake -E cmake_link_script CMakeFiles/cmTC_30c42.dir/link.txt --verbose=1]
  ignore line: [/usr/bin/cc     -v -rdynamic CMakeFiles/cmTC_30c42.dir/CMakeCCompilerABI.c.o  -o cmTC_30c42 ]
  ignore line: [Es werden eingebaute Spezifikationen verwendet.]
  ignore line: [COLLECT_GCC=/usr/x86_64-pc-linux-gnu/gcc-bin/6.4.0/gcc]
  ignore line: [COLLECT_LTO_WRAPPER=/usr/libexec/gcc/x86_64-pc-linux-gnu/6.4.0/lto-wrapper]
  ignore line: [Ziel: x86_64-pc-linux-gnu]
  ignore line: [Konfiguriert mit: /var/tmp/portage/sys-devel/gcc-6.4.0-r1/work/gcc-6.4.0/configure --host=x86_64-pc-linux-gnu --build=x86_64-pc-linux-gnu --prefix=/usr --bindir=/usr/x86_64-pc-linux-gnu/gcc-bin/6.4.0 --includedir=/usr/lib/gcc/x86_64-pc-linux-gnu/6.4.0/include --datadir=/usr/share/gcc-data/x86_64-pc-linux-gnu/6.4.0 --mandir=/usr/share/gcc-data/x86_64-pc-linux-gnu/6.4.0/man --infodir=/usr/share/gcc-data/x86_64-pc-linux-gnu/6.4.0/info --with-gxx-include-dir=/usr/lib/gcc/x86_64-pc-linux-gnu/6.4.0/include/g++-v6 --with-python-dir=/share/gcc-data/x86_64-pc-linux-gnu/6.4.0/python --enable-languages=c,c++,fortran --enable-obsolete --enable-secureplt --disable-werror --with-system-zlib --enable-nls --without-included-gettext --enable-checking=release --with-bugurl=https://bugs.gentoo.org/ --with-pkgversion='Gentoo 6.4.0-r1 p1.3' --disable-esp --enable-libstdcxx-time --enable-shared --enable-threads=posix --enable-__cxa_atexit --enable-clocale=gnu --enable-multilib --with-multilib-list=m32,m64 --disable-altivec --disable-fixed-point --enable-targets=all --disable-libgcj --enable-libgomp --disable-libmudflap --disable-libssp --disable-libcilkrts --disable-libmpx --enable-vtable-verify --enable-libvtv --enable-lto --without-isl --enable-libsanitizer --enable-default-pie --enable-default-ssp]
  ignore line: [Thread-Modell: posix]
  ignore line: [gcc-Version 6.4.0 (Gentoo 6.4.0-r1 p1.3) ]
  ignore line: [COMPILER_PATH=/usr/libexec/gcc/x86_64-pc-linux-gnu/6.4.0/:/usr/libexec/gcc/x86_64-pc-linux-gnu/6.4.0/:/usr/libexec/gcc/x86_64-pc-linux-gnu/:/usr/lib/gcc/x86_64-pc-linux-gnu/6.4.0/:/usr/lib/gcc/x86_64-pc-linux-gnu/:/usr/lib/gcc/x86_64-pc-linux-gnu/6.4.0/../../../../x86_64-pc-linux-gnu/bin/]
  ignore line: [LIBRARY_PATH=/usr/lib/gcc/x86_64-pc-linux-gnu/6.4.0/:/usr/lib/gcc/x86_64-pc-linux-gnu/6.4.0/../../../../lib64/:/lib/../lib64/:/usr/lib/../lib64/:/usr/lib/gcc/x86_64-pc-linux-gnu/6.4.0/../../../../x86_64-pc-linux-gnu/lib/:/usr/lib/gcc/x86_64-pc-linux-gnu/6.4.0/../../../:/lib/:/usr/lib/]
  ignore line: [COLLECT_GCC_OPTIONS='-v' '-rdynamic' '-o' 'cmTC_30c42' '-mtune=generic' '-march=x86-64']
  link line: [ /usr/libexec/gcc/x86_64-pc-linux-gnu/6.4.0/collect2 -plugin /usr/libexec/gcc/x86_64-pc-linux-gnu/6.4.0/liblto_plugin.so -plugin-opt=/usr/libexec/gcc/x86_64-pc-linux-gnu/6.4.0/lto-wrapper -plugin-opt=-fresolution=/tmp/ccImacYT.res -plugin-opt=-pass-through=-lgcc -plugin-opt=-pass-through=-lgcc_s -plugin-opt=-pass-through=-lc -plugin-opt=-pass-through=-lgcc -plugin-opt=-pass-through=-lgcc_s --eh-frame-hdr -m elf_x86_64 -export-dynamic -dynamic-linker /lib64/ld-linux-x86-64.so.2 -pie -o cmTC_30c42 /usr/lib/gcc/x86_64-pc-linux-gnu/6.4.0/../../../../lib64/Scrt1.o /usr/lib/gcc/x86_64-pc-linux-gnu/6.4.0/../../../../lib64/crti.o /usr/lib/gcc/x86_64-pc-linux-gnu/6.4.0/crtbeginS.o -L/usr/lib/gcc/x86_64-pc-linux-gnu/6.4.0 -L/usr/lib/gcc/x86_64-pc-linux-gnu/6.4.0/../../../../lib64 -L/lib/../lib64 -L/usr/lib/../lib64 -L/usr/lib/gcc/x86_64-pc-linux-gnu/6.4.0/../../../../x86_64-pc-linux-gnu/lib -L/usr/lib/gcc/x86_64-pc-linux-gnu/6.4.0/../../.. CMakeFiles/cmTC_30c42.dir/CMakeCCompilerABI.c.o -lgcc --as-needed -lgcc_s --no-as-needed -lc -lgcc --as-needed -lgcc_s --no-as-needed /usr/lib/gcc/x86_64-pc-linux-gnu/6.4.0/crtendS.o /usr/lib/gcc/x86_64-pc-linux-gnu/6.4.0/../../../../lib64/crtn.o]
    arg [/usr/libexec/gcc/x86_64-pc-linux-gnu/6.4.0/collect2] ==> ignore
    arg [-plugin] ==> ignore
    arg [/usr/libexec/gcc/x86_64-pc-linux-gnu/6.4.0/liblto_plugin.so] ==> ignore
    arg [-plugin-opt=/usr/libexec/gcc/x86_64-pc-linux-gnu/6.4.0/lto-wrapper] ==> ignore
    arg [-plugin-opt=-fresolution=/tmp/ccImacYT.res] ==> ignore
    arg [-plugin-opt=-pass-through=-lgcc] ==> ignore
    arg [-plugin-opt=-pass-through=-lgcc_s] ==> ignore
    arg [-plugin-opt=-pass-through=-lc] ==> ignore
    arg [-plugin-opt=-pass-through=-lgcc] ==> ignore
    arg [-plugin-opt=-pass-through=-lgcc_s] ==> ignore
    arg [--eh-frame-hdr] ==> ignore
    arg [-m] ==> ignore
    arg [elf_x86_64] ==> ignore
    arg [-export-dynamic] ==> ignore
    arg [-dynamic-linker] ==> ignore
    arg [/lib64/ld-linux-x86-64.so.2] ==> ignore
    arg [-pie] ==> ignore
    arg [-o] ==> ignore
    arg [cmTC_30c42] ==> ignore
    arg [/usr/lib/gcc/x86_64-pc-linux-gnu/6.4.0/../../../../lib64/Scrt1.o] ==> ignore
    arg [/usr/lib/gcc/x86_64-pc-linux-gnu/6.4.0/../../../../lib64/crti.o] ==> ignore
    arg [/usr/lib/gcc/x86_64-pc-linux-gnu/6.4.0/crtbeginS.o] ==> ignore
    arg [-L/usr/lib/gcc/x86_64-pc-linux-gnu/6.4.0] ==> dir [/usr/lib/gcc/x86_64-pc-linux-gnu/6.4.0]
    arg [-L/usr/lib/gcc/x86_64-pc-linux-gnu/6.4.0/../../../../lib64] ==> dir [/usr/lib/gcc/x86_64-pc-linux-gnu/6.4.0/../../../../lib64]
    arg [-L/lib/../lib64] ==> dir [/lib/../lib64]
    arg [-L/usr/lib/../lib64] ==> dir [/usr/lib/../lib64]
    arg [-L/usr/lib/gcc/x86_64-pc-linux-gnu/6.4.0/../../../../x86_64-pc-linux-gnu/lib] ==> dir [/usr/lib/gcc/x86_64-pc-linux-gnu/6.4.0/../../../../x86_64-pc-linux-gnu/lib]
    arg [-L/usr/lib/gcc/x86_64-pc-linux-gnu/6.4.0/../../..] ==> dir [/usr/lib/gcc/x86_64-pc-linux-gnu/6.4.0/../../..]
    arg [CMakeFiles/cmTC_30c42.dir/CMakeCCompilerABI.c.o] ==> ignore
    arg [-lgcc] ==> lib [gcc]
    arg [--as-needed] ==> ignore
    arg [-lgcc_s] ==> lib [gcc_s]
    arg [--no-as-needed] ==> ignore
    arg [-lc] ==> lib [c]
    arg [-lgcc] ==> lib [gcc]
    arg [--as-needed] ==> ignore
    arg [-lgcc_s] ==> lib [gcc_s]
    arg [--no-as-needed] ==> ignore
    arg [/usr/lib/gcc/x86_64-pc-linux-gnu/6.4.0/crtendS.o] ==> ignore
    arg [/usr/lib/gcc/x86_64-pc-linux-gnu/6.4.0/../../../../lib64/crtn.o] ==> ignore
  collapse library dir [/usr/lib/gcc/x86_64-pc-linux-gnu/6.4.0] ==> [/usr/lib/gcc/x86_64-pc-linux-gnu/6.4.0]
  collapse library dir [/usr/lib/gcc/x86_64-pc-linux-gnu/6.4.0/../../../../lib64] ==> [/usr/lib64]
  collapse library dir [/lib/../lib64] ==> [/lib64]
  collapse library dir [/usr/lib/../lib64] ==> [/usr/lib64]
  collapse library dir [/usr/lib/gcc/x86_64-pc-linux-gnu/6.4.0/../../../../x86_64-pc-linux-gnu/lib] ==> [/usr/x86_64-pc-linux-gnu/lib]
  collapse library dir [/usr/lib/gcc/x86_64-pc-linux-gnu/6.4.0/../../..] ==> [/usr/lib]
  implicit libs: [gcc;gcc_s;c;gcc;gcc_s]
  implicit dirs: [/usr/lib/gcc/x86_64-pc-linux-gnu/6.4.0;/usr/lib64;/lib64;/usr/x86_64-pc-linux-gnu/lib;/usr/lib]
  implicit fwks: []




Detecting C [-std=c11] compiler features compiled with the following output:
Change Dir: /home/matthis/c4/CMakeFiles/CMakeTmp

Run Build Command:"/usr/bin/gmake" "cmTC_50a55/fast"
gmake[1]: Verzeichnis „/home/matthis/c4/CMakeFiles/CMakeTmp“ wird betreten
/usr/bin/gmake -f CMakeFiles/cmTC_50a55.dir/build.make CMakeFiles/cmTC_50a55.dir/build
gmake[2]: Verzeichnis „/home/matthis/c4/CMakeFiles/CMakeTmp“ wird betreten
Building C object CMakeFiles/cmTC_50a55.dir/feature_tests.c.o
/usr/bin/cc   -std=c11 -o CMakeFiles/cmTC_50a55.dir/feature_tests.c.o   -c /home/matthis/c4/CMakeFiles/feature_tests.c
Linking C executable cmTC_50a55
/usr/bin/cmake -E cmake_link_script CMakeFiles/cmTC_50a55.dir/link.txt --verbose=1
/usr/bin/cc      -rdynamic CMakeFiles/cmTC_50a55.dir/feature_tests.c.o  -o cmTC_50a55 
gmake[2]: Verzeichnis „/home/matthis/c4/CMakeFiles/CMakeTmp“ wird verlassen
gmake[1]: Verzeichnis „/home/matthis/c4/CMakeFiles/CMakeTmp“ wird verlassen


    Feature record: C_FEATURE:1c_function_prototypes
    Feature record: C_FEATURE:1c_restrict
    Feature record: C_FEATURE:1c_static_assert
    Feature record: C_FEATURE:1c_variadic_macros


Detecting C [-std=c99] compiler features compiled with the following output:
Change Dir: /home/matthis/c4/CMakeFiles/CMakeTmp

Run Build Command:"/usr/bin/gmake" "cmTC_f4915/fast"
gmake[1]: Verzeichnis „/home/matthis/c4/CMakeFiles/CMakeTmp“ wird betreten
/usr/bin/gmake -f CMakeFiles/cmTC_f4915.dir/build.make CMakeFiles/cmTC_f4915.dir/build
gmake[2]: Verzeichnis „/home/matthis/c4/CMakeFiles/CMakeTmp“ wird betreten
Building C object CMakeFiles/cmTC_f4915.dir/feature_tests.c.o
/usr/bin/cc   -std=c99 -o CMakeFiles/cmTC_f4915.dir/feature_tests.c.o   -c /home/matthis/c4/CMakeFiles/feature_tests.c
Linking C executable cmTC_f4915
/usr/bin/cmake -E cmake_link_script CMakeFiles/cmTC_f4915.dir/link.txt --verbose=1
/usr/bin/cc      -rdynamic CMakeFiles/cmTC_f4915.dir/feature_tests.c.o  -o cmTC_f4915 
gmake[2]: Verzeichnis „/home/matthis/c4/CMakeFiles/CMakeTmp“ wird verlassen
gmake[1]: Verzeichnis „/home/matthis/c4/CMakeFiles/CMakeTmp“ wird verlassen


    Feature record: C_FEATURE:1c_function_prototypes
    Feature record: C_FEATURE:1c_restrict
    Feature record: C_FEATURE:0c_static_assert
    Feature record: C_FEATURE:1c_variadic_macros


Detecting C [-std=c90] compiler features compiled with the following output:
Change Dir: /home/matthis/c4/CMakeFiles/CMakeTmp

Run Build Command:"/usr/bin/gmake" "cmTC_46ef3/fast"
gmake[1]: Verzeichnis „/home/matthis/c4/CMakeFiles/CMakeTmp“ wird betreten
/usr/bin/gmake -f CMakeFiles/cmTC_46ef3.dir/build.make CMakeFiles/cmTC_46ef3.dir/build
gmake[2]: Verzeichnis „/home/matthis/c4/CMakeFiles/CMakeTmp“ wird betreten
Building C object CMakeFiles/cmTC_46ef3.dir/feature_tests.c.o
/usr/bin/cc   -std=c90 -o CMakeFiles/cmTC_46ef3.dir/feature_tests.c.o   -c /home/matthis/c4/CMakeFiles/feature_tests.c
Linking C executable cmTC_46ef3
/usr/bin/cmake -E cmake_link_script CMakeFiles/cmTC_46ef3.dir/link.txt --verbose=1
/usr/bin/cc      -rdynamic CMakeFiles/cmTC_46ef3.dir/feature_tests.c.o  -o cmTC_46ef3 
gmake[2]: Verzeichnis „/home/matthis/c4/CMakeFiles/CMakeTmp“ wird verlassen
gmake[1]: Verzeichnis „/home/matthis/c4/CMakeFiles/CMakeTmp“ wird verlassen


    Feature record: C_FEATURE:1c_function_prototypes
    Feature record: C_FEATURE:0c_restrict
    Feature record: C_FEATURE:0c_static_assert
    Feature record: C_FEATURE:0c_variadic_macros
Determining if the CXX compiler works passed with the following output:
Change Dir: /home/matthis/c4/CMakeFiles/CMakeTmp

Run Build Command:"/usr/bin/gmake" "cmTC_70073/fast"
gmake[1]: Verzeichnis „/home/matthis/c4/CMakeFiles/CMakeTmp“ wird betreten
/usr/bin/gmake -f CMakeFiles/cmTC_70073.dir/build.make CMakeFiles/cmTC_70073.dir/build
gmake[2]: Verzeichnis „/home/matthis/c4/CMakeFiles/CMakeTmp“ wird betreten
Building CXX object CMakeFiles/cmTC_70073.dir/testCXXCompiler.cxx.o
/usr/bin/c++     -o CMakeFiles/cmTC_70073.dir/testCXXCompiler.cxx.o -c /home/matthis/c4/CMakeFiles/CMakeTmp/testCXXCompiler.cxx
Linking CXX executable cmTC_70073
/usr/bin/cmake -E cmake_link_script CMakeFiles/cmTC_70073.dir/link.txt --verbose=1
/usr/bin/c++       -rdynamic CMakeFiles/cmTC_70073.dir/testCXXCompiler.cxx.o  -o cmTC_70073 
gmake[2]: Verzeichnis „/home/matthis/c4/CMakeFiles/CMakeTmp“ wird verlassen
gmake[1]: Verzeichnis „/home/matthis/c4/CMakeFiles/CMakeTmp“ wird verlassen


Detecting CXX compiler ABI info compiled with the following output:
Change Dir: /home/matthis/c4/CMakeFiles/CMakeTmp

Run Build Command:"/usr/bin/gmake" "cmTC_16cb2/fast"
gmake[1]: Verzeichnis „/home/matthis/c4/CMakeFiles/CMakeTmp“ wird betreten
/usr/bin/gmake -f CMakeFiles/cmTC_16cb2.dir/build.make CMakeFiles/cmTC_16cb2.dir/build
gmake[2]: Verzeichnis „/home/matthis/c4/CMakeFiles/CMakeTmp“ wird betreten
Building CXX object CMakeFiles/cmTC_16cb2.dir/CMakeCXXCompilerABI.cpp.o
/usr/bin/c++     -o CMakeFiles/cmTC_16cb2.dir/CMakeCXXCompilerABI.cpp.o -c /usr/share/cmake/Modules/CMakeCXXCompilerABI.cpp
Linking CXX executable cmTC_16cb2
/usr/bin/cmake -E cmake_link_script CMakeFiles/cmTC_16cb2.dir/link.txt --verbose=1
/usr/bin/c++      -v -rdynamic CMakeFiles/cmTC_16cb2.dir/CMakeCXXCompilerABI.cpp.o  -o cmTC_16cb2 
Es werden eingebaute Spezifikationen verwendet.
COLLECT_GCC=/usr/x86_64-pc-linux-gnu/gcc-bin/6.4.0/c++
COLLECT_LTO_WRAPPER=/usr/libexec/gcc/x86_64-pc-linux-gnu/6.4.0/lto-wrapper
Ziel: x86_64-pc-linux-gnu
Konfiguriert mit: /var/tmp/portage/sys-devel/gcc-6.4.0-r1/work/gcc-6.4.0/configure --host=x86_64-pc-linux-gnu --build=x86_64-pc-linux-gnu --prefix=/usr --bindir=/usr/x86_64-pc-linux-gnu/gcc-bin/6.4.0 --includedir=/usr/lib/gcc/x86_64-pc-linux-gnu/6.4.0/include --datadir=/usr/share/gcc-data/x86_64-pc-linux-gnu/6.4.0 --mandir=/usr/share/gcc-data/x86_64-pc-linux-gnu/6.4.0/man --infodir=/usr/share/gcc-data/x86_64-pc-linux-gnu/6.4.0/info --with-gxx-include-dir=/usr/lib/gcc/x86_64-pc-linux-gnu/6.4.0/include/g++-v6 --with-python-dir=/share/gcc-data/x86_64-pc-linux-gnu/6.4.0/python --enable-languages=c,c++,fortran --enable-obsolete --enable-secureplt --disable-werror --with-system-zlib --enable-nls --without-included-gettext --enable-checking=release --with-bugurl=https://bugs.gentoo.org/ --with-pkgversion='Gentoo 6.4.0-r1 p1.3' --disable-esp --enable-libstdcxx-time --enable-shared --enable-threads=posix --enable-__cxa_atexit --enable-clocale=gnu --enable-multilib --with-multilib-list=m32,m64 --disable-altivec --disable-fixed-point --enable-targets=all --disable-libgcj --enable-libgomp --disable-libmudflap --disable-libssp --disable-libcilkrts --disable-libmpx --enable-vtable-verify --enable-libvtv --enable-lto --without-isl --enable-libsanitizer --enable-default-pie --enable-default-ssp
Thread-Modell: posix
gcc-Version 6.4.0 (Gentoo 6.4.0-r1 p1.3) 
COMPILER_PATH=/usr/libexec/gcc/x86_64-pc-linux-gnu/6.4.0/:/usr/libexec/gcc/x86_64-pc-linux-gnu/6.4.0/:/usr/libexec/gcc/x86_64-pc-linux-gnu/:/usr/lib/gcc/x86_64-pc-linux-gnu/6.4.0/:/usr/lib/gcc/x86_64-pc-linux-gnu/:/usr/lib/gcc/x86_64-pc-linux-gnu/6.4.0/../../../../x86_64-pc-linux-gnu/bin/
LIBRARY_PATH=/usr/lib/gcc/x86_64-pc-linux-gnu/6.4.0/:/usr/lib/gcc/x86_64-pc-linux-gnu/6.4.0/../../../../lib64/:/lib/../lib64/:/usr/lib/../lib64/:/usr/lib/gcc/x86_64-pc-linux-gnu/6.4.0/../../../../x86_64-pc-linux-gnu/lib/:/usr/lib/gcc/x86_64-pc-linux-gnu/6.4.0/../../../:/lib/:/usr/lib/
COLLECT_GCC_OPTIONS='-v' '-rdynamic' '-o' 'cmTC_16cb2' '-shared-libgcc' '-mtune=generic' '-march=x86-64'
 /usr/libexec/gcc/x86_64-pc-linux-gnu/6.4.0/collect2 -plugin /usr/libexec/gcc/x86_64-pc-linux-gnu/6.4.0/liblto_plugin.so -plugin-opt=/usr/libexec/gcc/x86_64-pc-linux-gnu/6.4.0/lto-wrapper -plugin-opt=-fresolution=/tmp/ccfFJjzG.res -plugin-opt=-pass-through=-lgcc_s -plugin-opt=-pass-through=-lgcc -plugin-opt=-pass-through=-lc -plugin-opt=-pass-through=-lgcc_s -plugin-opt=-pass-through=-lgcc --eh-frame-hdr -m elf_x86_64 -export-dynamic -dynamic-linker /lib64/ld-linux-x86-64.so.2 -pie -o cmTC_16cb2 /usr/lib/gcc/x86_64-pc-linux-gnu/6.4.0/../../../../lib64/Scrt1.o /usr/lib/gcc/x86_64-pc-linux-gnu/6.4.0/../../../../lib64/crti.o /usr/lib/gcc/x86_64-pc-linux-gnu/6.4.0/crtbeginS.o -L/usr/lib/gcc/x86_64-pc-linux-gnu/6.4.0 -L/usr/lib/gcc/x86_64-pc-linux-gnu/6.4.0/../../../../lib64 -L/lib/../lib64 -L/usr/lib/../lib64 -L/usr/lib/gcc/x86_64-pc-linux-gnu/6.4.0/../../../../x86_64-pc-linux-gnu/lib -L/usr/lib/gcc/x86_64-pc-linux-gnu/6.4.0/../../.. CMakeFiles/cmTC_16cb2.dir/CMakeCXXCompilerABI.cpp.o -lstdc++ -lm -lgcc_s -lgcc -lc -lgcc_s -lgcc /usr/lib/gcc/x86_64-pc-linux-gnu/6.4.0/crtendS.o /usr/lib/gcc/x86_64-pc-linux-gnu/6.4.0/../../../../lib64/crtn.o
COLLECT_GCC_OPTIONS='-v' '-rdynamic' '-o' 'cmTC_16cb2' '-shared-libgcc' '-mtune=generic' '-march=x86-64'
gmake[2]: Verzeichnis „/home/matthis/c4/CMakeFiles/CMakeTmp“ wird verlassen
gmake[1]: Verzeichnis „/home/matthis/c4/CMakeFiles/CMakeTmp“ wird verlassen


Parsed CXX implicit link information from above output:
  link line regex: [^( *|.*[/\])(ld|CMAKE_LINK_STARTFILE-NOTFOUND|([^/\]+-)?ld|collect2)[^/\]*( |$)]
  ignore line: [Change Dir: /home/matthis/c4/CMakeFiles/CMakeTmp]
  ignore line: []
  ignore line: [Run Build Command:"/usr/bin/gmake" "cmTC_16cb2/fast"]
  ignore line: [gmake[1]: Verzeichnis „/home/matthis/c4/CMakeFiles/CMakeTmp“ wird betreten]
  ignore line: [/usr/bin/gmake -f CMakeFiles/cmTC_16cb2.dir/build.make CMakeFiles/cmTC_16cb2.dir/build]
  ignore line: [gmake[2]: Verzeichnis „/home/matthis/c4/CMakeFiles/CMakeTmp“ wird betreten]
  ignore line: [Building CXX object CMakeFiles/cmTC_16cb2.dir/CMakeCXXCompilerABI.cpp.o]
  ignore line: [/usr/bin/c++     -o CMakeFiles/cmTC_16cb2.dir/CMakeCXXCompilerABI.cpp.o -c /usr/share/cmake/Modules/CMakeCXXCompilerABI.cpp]
  ignore line: [Linking CXX executable cmTC_16cb2]
  ignore line: [/usr/bin/cmake -E cmake_link_script CMakeFiles/cmTC_16cb2.dir/link.txt --verbose=1]
  ignore line: [/usr/bin/c++      -v -rdynamic CMakeFiles/cmTC_16cb2.dir/CMakeCXXCompilerABI.cpp.o  -o cmTC_16cb2 ]
  ignore line: [Es werden eingebaute Spezifikationen verwendet.]
  ignore line: [COLLECT_GCC=/usr/x86_64-pc-linux-gnu/gcc-bin/6.4.0/c++]
  ignore line: [COLLECT_LTO_WRAPPER=/usr/libexec/gcc/x86_64-pc-linux-gnu/6.4.0/lto-wrapper]
  ignore line: [Ziel: x86_64-pc-linux-gnu]
  ignore line: [Konfiguriert mit: /var/tmp/portage/sys-devel/gcc-6.4.0-r1/work/gcc-6.4.0/configure --host=x86_64-pc-linux-gnu --build=x86_64-pc-linux-gnu --prefix=/usr --bindir=/usr/x86_64-pc-linux-gnu/gcc-bin/6.4.0 --includedir=/usr/lib/gcc/x86_64-pc-linux-gnu/6.4.0/include --datadir=/usr/share/gcc-data/x86_64-pc-linux-gnu/6.4.0 --mandir=/usr/share/gcc-data/x86_64-pc-linux-gnu/6.4.0/man --infodir=/usr/share/gcc-data/x86_64-pc-linux-gnu/6.4.0/info --with-gxx-include-dir=/usr/lib/gcc/x86_64-pc-linux-gnu/6.4.0/include/g++-v6 --with-python-dir=/share/gcc-data/x86_64-pc-linux-gnu/6.4.0/python --enable-languages=c,c++,fortran --enable-obsolete --enable-secureplt --disable-werror --with-system-zlib --enable-nls --without-included-gettext --enable-checking=release --with-bugurl=https://bugs.gentoo.org/ --with-pkgversion='Gentoo 6.4.0-r1 p1.3' --disable-esp --enable-libstdcxx-time --enable-shared --enable-threads=posix --enable-__cxa_atexit --enable-clocale=gnu --enable-multilib --with-multilib-list=m32,m64 --disable-altivec --disable-fixed-point --enable-targets=all --disable-libgcj --enable-libgomp --disable-libmudflap --disable-libssp --disable-libcilkrts --disable-libmpx --enable-vtable-verify --enable-libvtv --enable-lto --without-isl --enable-libsanitizer --enable-default-pie --enable-default-ssp]
  ignore line: [Thread-Modell: posix]
  ignore line: [gcc-Version 6.4.0 (Gentoo 6.4.0-r1 p1.3) ]
  ignore line: [COMPILER_PATH=/usr/libexec/gcc/x86_64-pc-linux-gnu/6.4.0/:/usr/libexec/gcc/x86_64-pc-linux-gnu/6.4.0/:/usr/libexec/gcc/x86_64-pc-linux-gnu/:/usr/lib/gcc/x86_64-pc-linux-gnu/6.4.0/:/usr/lib/gcc/x86_64-pc-linux-gnu/:/usr/lib/gcc/x86_64-pc-linux-gnu/6.4.0/../../../../x86_64-pc-linux-gnu/bin/]
  ignore line: [LIBRARY_PATH=/usr/lib/gcc/x86_64-pc-linux-gnu/6.4.0/:/usr/lib/gcc/x86_64-pc-linux-gnu/6.4.0/../../../../lib64/:/lib/../lib64/:/usr/lib/../lib64/:/usr/lib/gcc/x86_64-pc-linux-gnu/6.4.0/../../../../x86_64-pc-linux-gnu/lib/:/usr/lib/gcc/x86_64-pc-linux-gnu/6.4.0/../../../:/lib/:/usr/lib/]
  ignore line: [COLLECT_GCC_OPTIONS='-v' '-rdynamic' '-o' 'cmTC_16cb2' '-shared-libgcc' '-mtune=generic' '-march=x86-64']
  link line: [ /usr/libexec/gcc/x86_64-pc-linux-gnu/6.4.0/collect2 -plugin /usr/libexec/gcc/x86_64-pc-linux-gnu/6.4.0/liblto_plugin.so -plugin-opt=/usr/libexec/gcc/x86_64-pc-linux-gnu/6.4.0/lto-wrapper -plugin-opt=-fresolution=/tmp/ccfFJjzG.res -plugin-opt=-pass-through=-lgcc_s -plugin-opt=-pass-through=-lgcc -plugin-opt=-pass-through=-lc -plugin-opt=-pass-through=-lgcc_s -plugin-opt=-pass-through=-lgcc --eh-frame-hdr -m elf_x86_64 -export-dynamic -dynamic-linker /lib64/ld-linux-x86-64.so.2 -pie -o cmTC_16cb2 /usr/lib/gcc/x86_64-pc-linux-gnu/6.4.0/../../../../lib64/Scrt1.o /usr/lib/gcc/x86_64-pc-linux-gnu/6.4.0/../../../../lib64/crti.o /usr/lib/gcc/x86_64-pc-linux-gnu/6.4.0/crtbeginS.o -L/usr/lib/gcc/x86_64-pc-linux-gnu/6.4.0 -L/usr/lib/gcc/x86_64-pc-linux-gnu/6.4.0/../../../../lib64 -L/lib/../lib64 -L/usr/lib/../lib64 -L/usr/lib/gcc/x86_64-pc-linux-gnu/6.4.0/../../../../x86_64-pc-linux-gnu/lib -L/usr/lib/gcc/x86_64-pc-linux-gnu/6.4.0/../../.. CMakeFiles/cmTC_16cb2.dir/CMakeCXXCompilerABI.cpp.o -lstdc++ -lm -lgcc_s -lgcc -lc -lgcc_s -lgcc /usr/lib/gcc/x86_64-pc-linux-gnu/6.4.0/crtendS.o /usr/lib/gcc/x86_64-pc-linux-gnu/6.4.0/../../../../lib64/crtn.o]
    arg [/usr/libexec/gcc/x86_64-pc-linux-gnu/6.4.0/collect2] ==> ignore
    arg [-plugin] ==> ignore
    arg [/usr/libexec/gcc/x86_64-pc-linux-gnu/6.4.0/liblto_plugin.so] ==> ignore
    arg [-plugin-opt=/usr/libexec/gcc/x86_64-pc-linux-gnu/6.4.0/lto-wrapper] ==> ignore
    arg [-plugin-opt=-fresolution=/tmp/ccfFJjzG.res] ==> ignore
    arg [-plugin-opt=-pass-through=-lgcc_s] ==> ignore
    arg [-plugin-opt=-pass-through=-lgcc] ==> ignore
    arg [-plugin-opt=-pass-through=-lc] ==> ignore
    arg [-plugin-opt=-pass-through=-lgcc_s] ==> ignore
    arg [-plugin-opt=-pass-through=-lgcc] ==> ignore
    arg [--eh-frame-hdr] ==> ignore
    arg [-m] ==> ignore
    arg [elf_x86_64] ==> ignore
    arg [-export-dynamic] ==> ignore
    arg [-dynamic-linker] ==> ignore
    arg [/lib64/ld-linux-x86-64.so.2] ==> ignore
    arg [-pie] ==> ignore
    arg [-o] ==> ignore
    arg [cmTC_16cb2] ==> ignore
    arg [/usr/lib/gcc/x86_64-pc-linux-gnu/6.4.0/../../../../lib64/Scrt1.o] ==> ignore
    arg [/usr/lib/gcc/x86_64-pc-linux-gnu/6.4.0/../../../../lib64/crti.o] ==> ignore
    arg [/usr/lib/gcc/x86_64-pc-linux-gnu/6.4.0/crtbeginS.o] ==> ignore
    arg [-L/usr/lib/gcc/x86_64-pc-linux-gnu/6.4.0] ==> dir [/usr/lib/gcc/x86_64-pc-linux-gnu/6.4.0]
    arg [-L/usr/lib/gcc/x86_64-pc-linux-gnu/6.4.0/../../../../lib64] ==> dir [/usr/lib/gcc/x86_64-pc-linux-gnu/6.4.0/../../../../lib64]
    arg [-L/lib/../lib64] ==> dir [/lib/../lib64]
    arg [-L/usr/lib/../lib64] ==> dir [/usr/lib/../lib64]
    arg [-L/usr/lib/gcc/x86_64-pc-linux-gnu/6.4.0/../../../../x86_64-pc-linux-gnu/lib] ==> dir [/usr/lib/gcc/x86_64-pc-linux-gnu/6.4.0/../../../../x86_64-pc-linux-gnu/lib]
    arg [-L/usr/lib/gcc/x86_64-pc-linux-gnu/6.4.0/../../..] ==> dir [/usr/lib/gcc/x86_64-pc-linux-gnu/6.4.0/../../..]
    arg [CMakeFiles/cmTC_16cb2.dir/CMakeCXXCompilerABI.cpp.o] ==> ignore
    arg [-lstdc++] ==> lib [stdc++]
    arg [-lm] ==> lib [m]
    arg [-lgcc_s] ==> lib [gcc_s]
    arg [-lgcc] ==> lib [gcc]
    arg [-lc] ==> lib [c]
    arg [-lgcc_s] ==> lib [gcc_s]
    arg [-lgcc] ==> lib [gcc]
    arg [/usr/lib/gcc/x86_64-pc-linux-gnu/6.4.0/crtendS.o] ==> ignore
    arg [/usr/lib/gcc/x86_64-pc-linux-gnu/6.4.0/../../../../lib64/crtn.o] ==> ignore
  collapse library dir [/usr/lib/gcc/x86_64-pc-linux-gnu/6.4.0] ==> [/usr/lib/gcc/x86_64-pc-linux-gnu/6.4.0]
  collapse library dir [/usr/lib/gcc/x86_64-pc-linux-gnu/6.4.0/../../../../lib64] ==> [/usr/lib64]
  collapse library dir [/lib/../lib64] ==> [/lib64]
  collapse library dir [/usr/lib/../lib64] ==> [/usr/lib64]
  collapse library dir [/usr/lib/gcc/x86_64-pc-linux-gnu/6.4.0/../../../../x86_64-pc-linux-gnu/lib] ==> [/usr/x86_64-pc-linux-gnu/lib]
  collapse library dir [/usr/lib/gcc/x86_64-pc-linux-gnu/6.4.0/../../..] ==> [/usr/lib]
  implicit libs: [stdc++;m;gcc_s;gcc;c;gcc_s;gcc]
  implicit dirs: [/usr/lib/gcc/x86_64-pc-linux-gnu/6.4.0;/usr/lib64;/lib64;/usr/x86_64-pc-linux-gnu/lib;/usr/lib]
  implicit fwks: []




Detecting CXX [-std=c++1z] compiler features compiled with the following output:
Change Dir: /home/matthis/c4/CMakeFiles/CMakeTmp

Run Build Command:"/usr/bin/gmake" "cmTC_72323/fast"
gmake[1]: Verzeichnis „/home/matthis/c4/CMakeFiles/CMakeTmp“ wird betreten
/usr/bin/gmake -f CMakeFiles/cmTC_72323.dir/build.make CMakeFiles/cmTC_72323.dir/build
gmake[2]: Verzeichnis „/home/matthis/c4/CMakeFiles/CMakeTmp“ wird betreten
Building CXX object CMakeFiles/cmTC_72323.dir/feature_tests.cxx.o
/usr/bin/c++    -std=c++1z -o CMakeFiles/cmTC_72323.dir/feature_tests.cxx.o -c /home/matthis/c4/CMakeFiles/feature_tests.cxx
Linking CXX executable cmTC_72323
/usr/bin/cmake -E cmake_link_script CMakeFiles/cmTC_72323.dir/link.txt --verbose=1
/usr/bin/c++       -rdynamic CMakeFiles/cmTC_72323.dir/feature_tests.cxx.o  -o cmTC_72323 
gmake[2]: Verzeichnis „/home/matthis/c4/CMakeFiles/CMakeTmp“ wird verlassen
gmake[1]: Verzeichnis „/home/matthis/c4/CMakeFiles/CMakeTmp“ wird verlassen


    Feature record: CXX_FEATURE:1cxx_aggregate_default_initializers
    Feature record: CXX_FEATURE:1cxx_alias_templates
    Feature record: CXX_FEATURE:1cxx_alignas
    Feature record: CXX_FEATURE:1cxx_alignof
    Feature record: CXX_FEATURE:1cxx_attributes
    Feature record: CXX_FEATURE:1cxx_attribute_deprecated
    Feature record: CXX_FEATURE:1cxx_auto_type
    Feature record: CXX_FEATURE:1cxx_binary_literals
    Feature record: CXX_FEATURE:1cxx_constexpr
    Feature record: CXX_FEATURE:1cxx_contextual_conversions
    Feature record: CXX_FEATURE:1cxx_decltype
    Feature record: CXX_FEATURE:1cxx_decltype_auto
    Feature record: CXX_FEATURE:1cxx_decltype_incomplete_return_types
    Feature record: CXX_FEATURE:1cxx_default_function_template_args
    Feature record: CXX_FEATURE:1cxx_defaulted_functions
    Feature record: CXX_FEATURE:1cxx_defaulted_move_initializers
    Feature record: CXX_FEATURE:1cxx_delegating_constructors
    Feature record: CXX_FEATURE:1cxx_deleted_functions
    Feature record: CXX_FEATURE:1cxx_digit_separators
    Feature record: CXX_FEATURE:1cxx_enum_forward_declarations
    Feature record: CXX_FEATURE:1cxx_explicit_conversions
    Feature record: CXX_FEATURE:1cxx_extended_friend_declarations
    Feature record: CXX_FEATURE:1cxx_extern_templates
    Feature record: CXX_FEATURE:1cxx_final
    Feature record: CXX_FEATURE:1cxx_func_identifier
    Feature record: CXX_FEATURE:1cxx_generalized_initializers
    Feature record: CXX_FEATURE:1cxx_generic_lambdas
    Feature record: CXX_FEATURE:1cxx_inheriting_constructors
    Feature record: CXX_FEATURE:1cxx_inline_namespaces
    Feature record: CXX_FEATURE:1cxx_lambdas
    Feature record: CXX_FEATURE:1cxx_lambda_init_captures
    Feature record: CXX_FEATURE:1cxx_local_type_template_args
    Feature record: CXX_FEATURE:1cxx_long_long_type
    Feature record: CXX_FEATURE:1cxx_noexcept
    Feature record: CXX_FEATURE:1cxx_nonstatic_member_init
    Feature record: CXX_FEATURE:1cxx_nullptr
    Feature record: CXX_FEATURE:1cxx_override
    Feature record: CXX_FEATURE:1cxx_range_for
    Feature record: CXX_FEATURE:1cxx_raw_string_literals
    Feature record: CXX_FEATURE:1cxx_reference_qualified_functions
    Feature record: CXX_FEATURE:1cxx_relaxed_constexpr
    Feature record: CXX_FEATURE:1cxx_return_type_deduction
    Feature record: CXX_FEATURE:1cxx_right_angle_brackets
    Feature record: CXX_FEATURE:1cxx_rvalue_references
    Feature record: CXX_FEATURE:1cxx_sizeof_member
    Feature record: CXX_FEATURE:1cxx_static_assert
    Feature record: CXX_FEATURE:1cxx_strong_enums
    Feature record: CXX_FEATURE:1cxx_template_template_parameters
    Feature record: CXX_FEATURE:1cxx_thread_local
    Feature record: CXX_FEATURE:1cxx_trailing_return_types
    Feature record: CXX_FEATURE:1cxx_unicode_literals
    Feature record: CXX_FEATURE:1cxx_uniform_initialization
    Feature record: CXX_FEATURE:1cxx_unrestricted_unions
    Feature record: CXX_FEATURE:1cxx_user_literals
    Feature record: CXX_FEATURE:1cxx_variable_templates
    Feature record: CXX_FEATURE:1cxx_variadic_macros
    Feature record: CXX_FEATURE:1cxx_variadic_templates


Detecting CXX [-std=c++14] compiler features compiled with the following output:
Change Dir: /home/matthis/c4/CMakeFiles/CMakeTmp

Run Build Command:"/usr/bin/gmake" "cmTC_f3f37/fast"
gmake[1]: Verzeichnis „/home/matthis/c4/CMakeFiles/CMakeTmp“ wird betreten
/usr/bin/gmake -f CMakeFiles/cmTC_f3f37.dir/build.make CMakeFiles/cmTC_f3f37.dir/build
gmake[2]: Verzeichnis „/home/matthis/c4/CMakeFiles/CMakeTmp“ wird betreten
Building CXX object CMakeFiles/cmTC_f3f37.dir/feature_tests.cxx.o
/usr/bin/c++    -std=c++14 -o CMakeFiles/cmTC_f3f37.dir/feature_tests.cxx.o -c /home/matthis/c4/CMakeFiles/feature_tests.cxx
Linking CXX executable cmTC_f3f37
/usr/bin/cmake -E cmake_link_script CMakeFiles/cmTC_f3f37.dir/link.txt --verbose=1
/usr/bin/c++       -rdynamic CMakeFiles/cmTC_f3f37.dir/feature_tests.cxx.o  -o cmTC_f3f37 
gmake[2]: Verzeichnis „/home/matthis/c4/CMakeFiles/CMakeTmp“ wird verlassen
gmake[1]: Verzeichnis „/home/matthis/c4/CMakeFiles/CMakeTmp“ wird verlassen


    Feature record: CXX_FEATURE:1cxx_aggregate_default_initializers
    Feature record: CXX_FEATURE:1cxx_alias_templates
    Feature record: CXX_FEATURE:1cxx_alignas
    Feature record: CXX_FEATURE:1cxx_alignof
    Feature record: CXX_FEATURE:1cxx_attributes
    Feature record: CXX_FEATURE:1cxx_attribute_deprecated
    Feature record: CXX_FEATURE:1cxx_auto_type
    Feature record: CXX_FEATURE:1cxx_binary_literals
    Feature record: CXX_FEATURE:1cxx_constexpr
    Feature record: CXX_FEATURE:1cxx_contextual_conversions
    Feature record: CXX_FEATURE:1cxx_decltype
    Feature record: CXX_FEATURE:1cxx_decltype_auto
    Feature record: CXX_FEATURE:1cxx_decltype_incomplete_return_types
    Feature record: CXX_FEATURE:1cxx_default_function_template_args
    Feature record: CXX_FEATURE:1cxx_defaulted_functions
    Feature record: CXX_FEATURE:1cxx_defaulted_move_initializers
    Feature record: CXX_FEATURE:1cxx_delegating_constructors
    Feature record: CXX_FEATURE:1cxx_deleted_functions
    Feature record: CXX_FEATURE:1cxx_digit_separators
    Feature record: CXX_FEATURE:1cxx_enum_forward_declarations
    Feature record: CXX_FEATURE:1cxx_explicit_conversions
    Feature record: CXX_FEATURE:1cxx_extended_friend_declarations
    Feature record: CXX_FEATURE:1cxx_extern_templates
    Feature record: CXX_FEATURE:1cxx_final
    Feature record: CXX_FEATURE:1cxx_func_identifier
    Feature record: CXX_FEATURE:1cxx_generalized_initializers
    Feature record: CXX_FEATURE:1cxx_generic_lambdas
    Feature record: CXX_FEATURE:1cxx_inheriting_constructors
    Feature record: CXX_FEATURE:1cxx_inline_namespaces
    Feature record: CXX_FEATURE:1cxx_lambdas
    Feature record: CXX_FEATURE:1cxx_lambda_init_captures
    Feature record: CXX_FEATURE:1cxx_local_type_template_args
    Feature record: CXX_FEATURE:1cxx_long_long_type
    Feature record: CXX_FEATURE:1cxx_noexcept
    Feature record: CXX_FEATURE:1cxx_nonstatic_member_init
    Feature record: CXX_FEATURE:1cxx_nullptr
    Feature record: CXX_FEATURE:1cxx_override
    Feature record: CXX_FEATURE:1cxx_range_for
    Feature record: CXX_FEATURE:1cxx_raw_string_literals
    Feature record: CXX_FEATURE:1cxx_reference_qualified_functions
    Feature record: CXX_FEATURE:1cxx_relaxed_constexpr
    Feature record: CXX_FEATURE:1cxx_return_type_deduction
    Feature record: CXX_FEATURE:1cxx_right_angle_brackets
    Feature record: CXX_FEATURE:1cxx_rvalue_references
    Feature record: CXX_FEATURE:1cxx_sizeof_member
    Feature record: CXX_FEATURE:1cxx_static_assert
    Feature record: CXX_FEATURE:1cxx_strong_enums
    Feature record: CXX_FEATURE:1cxx_template_template_parameters
    Feature record: CXX_FEATURE:1cxx_thread_local
    Feature record: CXX_FEATURE:1cxx_trailing_return_types
    Feature record: CXX_FEATURE:1cxx_unicode_literals
    Feature record: CXX_FEATURE:1cxx_uniform_initialization
    Feature record: CXX_FEATURE:1cxx_unrestricted_unions
    Feature record: CXX_FEATURE:1cxx_user_literals
    Feature record: CXX_FEATURE:1cxx_variable_templates
    Feature record: CXX_FEATURE:1cxx_variadic_macros
    Feature record: CXX_FEATURE:1cxx_variadic_templates


Detecting CXX [-std=c++11] compiler features compiled with the following output:
Change Dir: /home/matthis/c4/CMakeFiles/CMakeTmp

Run Build Command:"/usr/bin/gmake" "cmTC_1eb56/fast"
gmake[1]: Verzeichnis „/home/matthis/c4/CMakeFiles/CMakeTmp“ wird betreten
/usr/bin/gmake -f CMakeFiles/cmTC_1eb56.dir/build.make CMakeFiles/cmTC_1eb56.dir/build
gmake[2]: Verzeichnis „/home/matthis/c4/CMakeFiles/CMakeTmp“ wird betreten
Building CXX object CMakeFiles/cmTC_1eb56.dir/feature_tests.cxx.o
/usr/bin/c++    -std=c++11 -o CMakeFiles/cmTC_1eb56.dir/feature_tests.cxx.o -c /home/matthis/c4/CMakeFiles/feature_tests.cxx
Linking CXX executable cmTC_1eb56
/usr/bin/cmake -E cmake_link_script CMakeFiles/cmTC_1eb56.dir/link.txt --verbose=1
/usr/bin/c++       -rdynamic CMakeFiles/cmTC_1eb56.dir/feature_tests.cxx.o  -o cmTC_1eb56 
gmake[2]: Verzeichnis „/home/matthis/c4/CMakeFiles/CMakeTmp“ wird verlassen
gmake[1]: Verzeichnis „/home/matthis/c4/CMakeFiles/CMakeTmp“ wird verlassen


    Feature record: CXX_FEATURE:0cxx_aggregate_default_initializers
    Feature record: CXX_FEATURE:1cxx_alias_templates
    Feature record: CXX_FEATURE:1cxx_alignas
    Feature record: CXX_FEATURE:1cxx_alignof
    Feature record: CXX_FEATURE:1cxx_attributes
    Feature record: CXX_FEATURE:0cxx_attribute_deprecated
    Feature record: CXX_FEATURE:1cxx_auto_type
    Feature record: CXX_FEATURE:0cxx_binary_literals
    Feature record: CXX_FEATURE:1cxx_constexpr
    Feature record: CXX_FEATURE:0cxx_contextual_conversions
    Feature record: CXX_FEATURE:1cxx_decltype
    Feature record: CXX_FEATURE:0cxx_decltype_auto
    Feature record: CXX_FEATURE:1cxx_decltype_incomplete_return_types
    Feature record: CXX_FEATURE:1cxx_default_function_template_args
    Feature record: CXX_FEATURE:1cxx_defaulted_functions
    Feature record: CXX_FEATURE:1cxx_defaulted_move_initializers
    Feature record: CXX_FEATURE:1cxx_delegating_constructors
    Feature record: CXX_FEATURE:1cxx_deleted_functions
    Feature record: CXX_FEATURE:0cxx_digit_separators
    Feature record: CXX_FEATURE:1cxx_enum_forward_declarations
    Feature record: CXX_FEATURE:1cxx_explicit_conversions
    Feature record: CXX_FEATURE:1cxx_extended_friend_declarations
    Feature record: CXX_FEATURE:1cxx_extern_templates
    Feature record: CXX_FEATURE:1cxx_final
    Feature record: CXX_FEATURE:1cxx_func_identifier
    Feature record: CXX_FEATURE:1cxx_generalized_initializers
    Feature record: CXX_FEATURE:0cxx_generic_lambdas
    Feature record: CXX_FEATURE:1cxx_inheriting_constructors
    Feature record: CXX_FEATURE:1cxx_inline_namespaces
    Feature record: CXX_FEATURE:1cxx_lambdas
    Feature record: CXX_FEATURE:0cxx_lambda_init_captures
    Feature record: CXX_FEATURE:1cxx_local_type_template_args
    Feature record: CXX_FEATURE:1cxx_long_long_type
    Feature record: CXX_FEATURE:1cxx_noexcept
    Feature record: CXX_FEATURE:1cxx_nonstatic_member_init
    Feature record: CXX_FEATURE:1cxx_nullptr
    Feature record: CXX_FEATURE:1cxx_override
    Feature record: CXX_FEATURE:1cxx_range_for
    Feature record: CXX_FEATURE:1cxx_raw_string_literals
    Feature record: CXX_FEATURE:1cxx_reference_qualified_functions
    Feature record: CXX_FEATURE:0cxx_relaxed_constexpr
    Feature record: CXX_FEATURE:0cxx_return_type_deduction
    Feature record: CXX_FEATURE:1cxx_right_angle_brackets
    Feature record: CXX_FEATURE:1cxx_rvalue_references
    Feature record: CXX_FEATURE:1cxx_sizeof_member
    Feature record: CXX_FEATURE:1cxx_static_assert
    Feature record: CXX_FEATURE:1cxx_strong_enums
    Feature record: CXX_FEATURE:1cxx_template_template_parameters
    Feature record: CXX_FEATURE:1cxx_thread_local
    Feature record: CXX_FEATURE:1cxx_trailing_return_types
    Feature record: CXX_FEATURE:1cxx_unicode_literals
    Feature record: CXX_FEATURE:1cxx_uniform_initialization
    Feature record: CXX_FEATURE:1cxx_unrestricted_unions
    Feature record: CXX_FEATURE:1cxx_user_literals
    Feature record: CXX_FEATURE:0cxx_variable_templates
    Feature record: CXX_FEATURE:1cxx_variadic_macros
    Feature record: CXX_FEATURE:1cxx_variadic_templates


Detecting CXX [-std=c++98] compiler features compiled with the following output:
Change Dir: /home/matthis/c4/CMakeFiles/CMakeTmp

Run Build Command:"/usr/bin/gmake" "cmTC_335a8/fast"
gmake[1]: Verzeichnis „/home/matthis/c4/CMakeFiles/CMakeTmp“ wird betreten
/usr/bin/gmake -f CMakeFiles/cmTC_335a8.dir/build.make CMakeFiles/cmTC_335a8.dir/build
gmake[2]: Verzeichnis „/home/matthis/c4/CMakeFiles/CMakeTmp“ wird betreten
Building CXX object CMakeFiles/cmTC_335a8.dir/feature_tests.cxx.o
/usr/bin/c++    -std=c++98 -o CMakeFiles/cmTC_335a8.dir/feature_tests.cxx.o -c /home/matthis/c4/CMakeFiles/feature_tests.cxx
Linking CXX executable cmTC_335a8
/usr/bin/cmake -E cmake_link_script CMakeFiles/cmTC_335a8.dir/link.txt --verbose=1
/usr/bin/c++       -rdynamic CMakeFiles/cmTC_335a8.dir/feature_tests.cxx.o  -o cmTC_335a8 
gmake[2]: Verzeichnis „/home/matthis/c4/CMakeFiles/CMakeTmp“ wird verlassen
gmake[1]: Verzeichnis „/home/matthis/c4/CMakeFiles/CMakeTmp“ wird verlassen


    Feature record: CXX_FEATURE:0cxx_aggregate_default_initializers
    Feature record: CXX_FEATURE:0cxx_alias_templates
    Feature record: CXX_FEATURE:0cxx_alignas
    Feature record: CXX_FEATURE:0cxx_alignof
    Feature record: CXX_FEATURE:0cxx_attributes
    Feature record: CXX_FEATURE:0cxx_attribute_deprecated
    Feature record: CXX_FEATURE:0cxx_auto_type
    Feature record: CXX_FEATURE:0cxx_binary_literals
    Feature record: CXX_FEATURE:0cxx_constexpr
    Feature record: CXX_FEATURE:0cxx_contextual_conversions
    Feature record: CXX_FEATURE:0cxx_decltype
    Feature record: CXX_FEATURE:0cxx_decltype_auto
    Feature record: CXX_FEATURE:0cxx_decltype_incomplete_return_types
    Feature record: CXX_FEATURE:0cxx_default_function_template_args
    Feature record: CXX_FEATURE:0cxx_defaulted_functions
    Feature record: CXX_FEATURE:0cxx_defaulted_move_initializers
    Feature record: CXX_FEATURE:0cxx_delegating_constructors
    Feature record: CXX_FEATURE:0cxx_deleted_functions
    Feature record: CXX_FEATURE:0cxx_digit_separators
    Feature record: CXX_FEATURE:0cxx_enum_forward_declarations
    Feature record: CXX_FEATURE:0cxx_explicit_conversions
    Feature record: CXX_FEATURE:0cxx_extended_friend_declarations
    Feature record: CXX_FEATURE:0cxx_extern_templates
    Feature record: CXX_FEATURE:0cxx_final
    Feature record: CXX_FEATURE:0cxx_func_identifier
    Feature record: CXX_FEATURE:0cxx_generalized_initializers
    Feature record: CXX_FEATURE:0cxx_generic_lambdas
    Feature record: CXX_FEATURE:0cxx_inheriting_constructors
    Feature record: CXX_FEATURE:0cxx_inline_namespaces
    Feature record: CXX_FEATURE:0cxx_lambdas
    Feature record: CXX_FEATURE:0cxx_lambda_init_captures
    Feature record: CXX_FEATURE:0cxx_local_type_template_args
    Feature record: CXX_FEATURE:0cxx_long_long_type
    Feature record: CXX_FEATURE:0cxx_noexcept
    Feature record: CXX_FEATURE:0cxx_nonstatic_member_init
    Feature record: CXX_FEATURE:0cxx_nullptr
    Feature record: CXX_FEATURE:0cxx_override
    Feature record: CXX_FEATURE:0cxx_range_for
    Feature record: CXX_FEATURE:0cxx_raw_string_literals
    Feature record: CXX_FEATURE:0cxx_reference_qualified_functions
    Feature record: CXX_FEATURE:0cxx_relaxed_constexpr
    Feature record: CXX_FEATURE:0cxx_return_type_deduction
    Feature record: CXX_FEATURE:0cxx_right_angle_brackets
    Feature record: CXX_FEATURE:0cxx_rvalue_references
    Feature record: CXX_FEATURE:0cxx_sizeof_member
    Feature record: CXX_FEATURE:0cxx_static_assert
    Feature record: CXX_FEATURE:0cxx_strong_enums
    Feature record: CXX_FEATURE:1cxx_template_template_parameters
    Feature record: CXX_FEATURE:0cxx_thread_local
    Feature record: CXX_FEATURE:0cxx_trailing_return_types
    Feature record: CXX_FEATURE:0cxx_unicode_literals
    Feature record: CXX_FEATURE:0cxx_uniform_initialization
    Feature record: CXX_FEATURE:0cxx_unrestricted_unions
    Feature record: CXX_FEATURE:0cxx_user_literals
    Feature record: CXX_FEATURE:0cxx_variable_templates
    Feature record: CXX_FEATURE:0cxx_variadic_macros
    Feature record: CXX_FEATURE:0cxx_variadic_templates
Determining if the include file pthread.h exists passed with the following output:
Change Dir: /home/matthis/c4/CMakeFiles/CMakeTmp

Run Build Command:"/usr/bin/gmake" "cmTC_27cd1/fast"
gmake[1]: Verzeichnis „/home/matthis/c4/CMakeFiles/CMakeTmp“ wird betreten
/usr/bin/gmake -f CMakeFiles/cmTC_27cd1.dir/build.make CMakeFiles/cmTC_27cd1.dir/build
gmake[2]: Verzeichnis „/home/matthis/c4/CMakeFiles/CMakeTmp“ wird betreten
Building C object CMakeFiles/cmTC_27cd1.dir/CheckIncludeFile.c.o
/usr/bin/cc    -o CMakeFiles/cmTC_27cd1.dir/CheckIncludeFile.c.o   -c /home/matthis/c4/CMakeFiles/CMakeTmp/CheckIncludeFile.c
Linking C executable cmTC_27cd1
/usr/bin/cmake -E cmake_link_script CMakeFiles/cmTC_27cd1.dir/link.txt --verbose=1
/usr/bin/cc      -rdynamic CMakeFiles/cmTC_27cd1.dir/CheckIncludeFile.c.o  -o cmTC_27cd1 
gmake[2]: Verzeichnis „/home/matthis/c4/CMakeFiles/CMakeTmp“ wird verlassen
gmake[1]: Verzeichnis „/home/matthis/c4/CMakeFiles/CMakeTmp“ wird verlassen


Determining if the function pthread_create exists in the pthread passed with the following output:
Change Dir: /home/matthis/c4/CMakeFiles/CMakeTmp

Run Build Command:"/usr/bin/gmake" "cmTC_313bb/fast"
gmake[1]: Verzeichnis „/home/matthis/c4/CMakeFiles/CMakeTmp“ wird betreten
/usr/bin/gmake -f CMakeFiles/cmTC_313bb.dir/build.make CMakeFiles/cmTC_313bb.dir/build
gmake[2]: Verzeichnis „/home/matthis/c4/CMakeFiles/CMakeTmp“ wird betreten
Building C object CMakeFiles/cmTC_313bb.dir/CheckFunctionExists.c.o
/usr/bin/cc   -DCHECK_FUNCTION_EXISTS=pthread_create   -o CMakeFiles/cmTC_313bb.dir/CheckFunctionExists.c.o   -c /usr/share/cmake/Modules/CheckFunctionExists.c
Linking C executable cmTC_313bb
/usr/bin/cmake -E cmake_link_script CMakeFiles/cmTC_313bb.dir/link.txt --verbose=1
/usr/bin/cc  -DCHECK_FUNCTION_EXISTS=pthread_create    -rdynamic CMakeFiles/cmTC_313bb.dir/CheckFunctionExists.c.o  -o cmTC_313bb -lpthread 
gmake[2]: Verzeichnis „/home/matthis/c4/CMakeFiles/CMakeTmp“ wird verlassen
gmake[1]: Verzeichnis „/home/matthis/c4/CMakeFiles/CMakeTmp“ wird verlassen


The system is: Linux - /bin/sh: 1: /usr/bin/uname: not found - unknown
Compiling the C compiler identification source file "CMakeCCompilerId.c" succeeded.
Compiler: /usr/bin/cc 
Build flags: 
Id flags:  

The output was:
0


Compilation of the C compiler identification source "CMakeCCompilerId.c" produced "a.out"

The C compiler identification is GNU, found in "/home/matthis/c4/CMakeFiles/3.12.3/CompilerIdC/a.out"

Compiling the CXX compiler identification source file "CMakeCXXCompilerId.cpp" succeeded.
Compiler: /usr/bin/c++ 
Build flags: 
Id flags:  

The output was:
0


Compilation of the CXX compiler identification source "CMakeCXXCompilerId.cpp" produced "a.out"

The CXX compiler identification is GNU, found in "/home/matthis/c4/CMakeFiles/3.12.3/CompilerIdCXX/a.out"

