Determining if the pthread_create exist failed with the following output:
Change Dir: /home/matthis/c4/CMakeFiles/CMakeTmp

Run Build Command:"/usr/bin/gmake" "cmTC_56b54/fast"
/usr/bin/gmake -f CMakeFiles/cmTC_56b54.dir/build.make CMakeFiles/cmTC_56b54.dir/build
gmake[1]: Verzeichnis „/home/matthis/c4/CMakeFiles/CMakeTmp“ wird betreten
Building C object CMakeFiles/cmTC_56b54.dir/CheckSymbolExists.c.o
/usr/bin/cc    -o CMakeFiles/cmTC_56b54.dir/CheckSymbolExists.c.o   -c /home/matthis/c4/CMakeFiles/CMakeTmp/CheckSymbolExists.c
Linking C executable cmTC_56b54
/usr/bin/cmake -E cmake_link_script CMakeFiles/cmTC_56b54.dir/link.txt --verbose=1
/usr/bin/cc      -rdynamic CMakeFiles/cmTC_56b54.dir/CheckSymbolExists.c.o  -o cmTC_56b54 
CMakeFiles/cmTC_56b54.dir/CheckSymbolExists.c.o: In Funktion »main«:
CheckSymbolExists.c:(.text+0x1b): Warnung: undefinierter Verweis auf »pthread_create«
collect2: Fehler: ld gab 1 als Ende-Status zurück
gmake[1]: *** [CMakeFiles/cmTC_56b54.dir/build.make:98: cmTC_56b54] Fehler 1
gmake[1]: Verzeichnis „/home/matthis/c4/CMakeFiles/CMakeTmp“ wird verlassen
gmake: *** [Makefile:126: cmTC_56b54/fast] Fehler 2

File /home/matthis/c4/CMakeFiles/CMakeTmp/CheckSymbolExists.c:
/* */
#include <pthread.h>

int main(int argc, char** argv)
{
  (void)argv;
#ifndef pthread_create
  return ((int*)(&pthread_create))[argc];
#else
  (void)argc;
  return 0;
#endif
}

Determining if the function pthread_create exists in the pthreads failed with the following output:
Change Dir: /home/matthis/c4/CMakeFiles/CMakeTmp

Run Build Command:"/usr/bin/gmake" "cmTC_18c6a/fast"
/usr/bin/gmake -f CMakeFiles/cmTC_18c6a.dir/build.make CMakeFiles/cmTC_18c6a.dir/build
gmake[1]: Verzeichnis „/home/matthis/c4/CMakeFiles/CMakeTmp“ wird betreten
Building C object CMakeFiles/cmTC_18c6a.dir/CheckFunctionExists.c.o
/usr/bin/cc   -DCHECK_FUNCTION_EXISTS=pthread_create   -o CMakeFiles/cmTC_18c6a.dir/CheckFunctionExists.c.o   -c /usr/share/cmake/Modules/CheckFunctionExists.c
Linking C executable cmTC_18c6a
/usr/bin/cmake -E cmake_link_script CMakeFiles/cmTC_18c6a.dir/link.txt --verbose=1
/usr/bin/cc  -DCHECK_FUNCTION_EXISTS=pthread_create    -rdynamic CMakeFiles/cmTC_18c6a.dir/CheckFunctionExists.c.o  -o cmTC_18c6a -lpthreads 
/usr/lib/gcc/x86_64-pc-linux-gnu/6.4.0/../../../../x86_64-pc-linux-gnu/bin/ld: -lpthreads kann nicht gefunden werden
collect2: Fehler: ld gab 1 als Ende-Status zurück
gmake[1]: *** [CMakeFiles/cmTC_18c6a.dir/build.make:98: cmTC_18c6a] Fehler 1
gmake[1]: Verzeichnis „/home/matthis/c4/CMakeFiles/CMakeTmp“ wird verlassen
gmake: *** [Makefile:126: cmTC_18c6a/fast] Fehler 2


Determining if the pthread_create exist failed with the following output:
Change Dir: /home/matthis/c4/CMakeFiles/CMakeTmp

Run Build Command:"/usr/bin/gmake" "cmTC_b95c2/fast"
gmake[1]: Verzeichnis „/home/matthis/c4/CMakeFiles/CMakeTmp“ wird betreten
/usr/bin/gmake -f CMakeFiles/cmTC_b95c2.dir/build.make CMakeFiles/cmTC_b95c2.dir/build
gmake[2]: Verzeichnis „/home/matthis/c4/CMakeFiles/CMakeTmp“ wird betreten
Building C object CMakeFiles/cmTC_b95c2.dir/CheckSymbolExists.c.o
/usr/bin/cc    -o CMakeFiles/cmTC_b95c2.dir/CheckSymbolExists.c.o   -c /home/matthis/c4/CMakeFiles/CMakeTmp/CheckSymbolExists.c
Linking C executable cmTC_b95c2
/usr/bin/cmake -E cmake_link_script CMakeFiles/cmTC_b95c2.dir/link.txt --verbose=1
/usr/bin/cc      -rdynamic CMakeFiles/cmTC_b95c2.dir/CheckSymbolExists.c.o  -o cmTC_b95c2 
CMakeFiles/cmTC_b95c2.dir/CheckSymbolExists.c.o: In Funktion »main«:
CheckSymbolExists.c:(.text+0x1b): Warnung: undefinierter Verweis auf »pthread_create«
collect2: Fehler: ld gab 1 als Ende-Status zurück
gmake[2]: *** [CMakeFiles/cmTC_b95c2.dir/build.make:98: cmTC_b95c2] Fehler 1
gmake[2]: Verzeichnis „/home/matthis/c4/CMakeFiles/CMakeTmp“ wird verlassen
gmake[1]: *** [Makefile:126: cmTC_b95c2/fast] Fehler 2
gmake[1]: Verzeichnis „/home/matthis/c4/CMakeFiles/CMakeTmp“ wird verlassen

File /home/matthis/c4/CMakeFiles/CMakeTmp/CheckSymbolExists.c:
/* */
#include <pthread.h>

int main(int argc, char** argv)
{
  (void)argv;
#ifndef pthread_create
  return ((int*)(&pthread_create))[argc];
#else
  (void)argc;
  return 0;
#endif
}

Determining if the function pthread_create exists in the pthreads failed with the following output:
Change Dir: /home/matthis/c4/CMakeFiles/CMakeTmp

Run Build Command:"/usr/bin/gmake" "cmTC_28dd9/fast"
gmake[1]: Verzeichnis „/home/matthis/c4/CMakeFiles/CMakeTmp“ wird betreten
/usr/bin/gmake -f CMakeFiles/cmTC_28dd9.dir/build.make CMakeFiles/cmTC_28dd9.dir/build
gmake[2]: Verzeichnis „/home/matthis/c4/CMakeFiles/CMakeTmp“ wird betreten
Building C object CMakeFiles/cmTC_28dd9.dir/CheckFunctionExists.c.o
/usr/bin/cc   -DCHECK_FUNCTION_EXISTS=pthread_create   -o CMakeFiles/cmTC_28dd9.dir/CheckFunctionExists.c.o   -c /usr/share/cmake/Modules/CheckFunctionExists.c
Linking C executable cmTC_28dd9
/usr/bin/cmake -E cmake_link_script CMakeFiles/cmTC_28dd9.dir/link.txt --verbose=1
/usr/bin/cc  -DCHECK_FUNCTION_EXISTS=pthread_create    -rdynamic CMakeFiles/cmTC_28dd9.dir/CheckFunctionExists.c.o  -o cmTC_28dd9 -lpthreads 
/usr/lib/gcc/x86_64-pc-linux-gnu/6.4.0/../../../../x86_64-pc-linux-gnu/bin/ld: -lpthreads kann nicht gefunden werden
collect2: Fehler: ld gab 1 als Ende-Status zurück
gmake[2]: *** [CMakeFiles/cmTC_28dd9.dir/build.make:98: cmTC_28dd9] Fehler 1
gmake[2]: Verzeichnis „/home/matthis/c4/CMakeFiles/CMakeTmp“ wird verlassen
gmake[1]: *** [Makefile:126: cmTC_28dd9/fast] Fehler 2
gmake[1]: Verzeichnis „/home/matthis/c4/CMakeFiles/CMakeTmp“ wird verlassen


Determining if the C compiler works failed with the following output:
Change Dir: /home/matthis/c4/CMakeFiles/CMakeTmp

Run Build Command:"/usr/bin/gmake" "cmTC_d71f2/fast"
No such file or directory
Generator: execution of make failed. Make command was: "/usr/bin/gmake" "cmTC_d71f2/fast"


